11-Oct-2024 10:36:47.771 INFO [main] org.apache.catalina.startup.VersionLoggerListener.log Nombre de la versión del servidor: Apache Tomcat/9.0.93
11-Oct-2024 10:36:47.792 INFO [main] org.apache.catalina.startup.VersionLoggerListener.log Server built:                      Aug 2 2024 21:24:59 UTC
11-Oct-2024 10:36:47.793 INFO [main] org.apache.catalina.startup.VersionLoggerListener.log Número de versión de servidor:     9.0.93.0
11-Oct-2024 10:36:47.793 INFO [main] org.apache.catalina.startup.VersionLoggerListener.log OS Name:                           Windows 11
11-Oct-2024 10:36:47.794 INFO [main] org.apache.catalina.startup.VersionLoggerListener.log Versión de Systema Operativo:      10.0
11-Oct-2024 10:36:47.794 INFO [main] org.apache.catalina.startup.VersionLoggerListener.log Arquitectura:                      amd64
11-Oct-2024 10:36:47.794 INFO [main] org.apache.catalina.startup.VersionLoggerListener.log Java Home:                         C:\Program Files\Java\jdk-17
11-Oct-2024 10:36:47.794 INFO [main] org.apache.catalina.startup.VersionLoggerListener.log JVM Version:                       17.0.12+8-LTS-286
11-Oct-2024 10:36:47.795 INFO [main] org.apache.catalina.startup.VersionLoggerListener.log Vededor JVM:                       Oracle Corporation
11-Oct-2024 10:36:47.795 INFO [main] org.apache.catalina.startup.VersionLoggerListener.log CATALINA_BASE:                     C:\Users\willi\OneDrive\Escritorio\coronel\TP1_232_GC\Alternancia2\DemoMVC\src\main
11-Oct-2024 10:36:47.795 INFO [main] org.apache.catalina.startup.VersionLoggerListener.log CATALINA_HOME:                     C:\valleGrande\apache-tomcat-9.0.93
11-Oct-2024 10:36:47.823 INFO [main] org.apache.catalina.startup.VersionLoggerListener.log Command line argument:             --add-opens=java.base/java.lang=ALL-UNNAMED
11-Oct-2024 10:36:47.824 INFO [main] org.apache.catalina.startup.VersionLoggerListener.log Command line argument:             --add-opens=java.base/java.io=ALL-UNNAMED
11-Oct-2024 10:36:47.824 INFO [main] org.apache.catalina.startup.VersionLoggerListener.log Command line argument:             --add-opens=java.base/java.util=ALL-UNNAMED
11-Oct-2024 10:36:47.824 INFO [main] org.apache.catalina.startup.VersionLoggerListener.log Command line argument:             --add-opens=java.base/java.util.concurrent=ALL-UNNAMED
11-Oct-2024 10:36:47.824 INFO [main] org.apache.catalina.startup.VersionLoggerListener.log Command line argument:             --add-opens=java.rmi/sun.rmi.transport=ALL-UNNAMED
11-Oct-2024 10:36:47.825 INFO [main] org.apache.catalina.startup.VersionLoggerListener.log Command line argument:             -Dcatalina.home=C:\valleGrande\apache-tomcat-9.0.93
11-Oct-2024 10:36:47.825 INFO [main] org.apache.catalina.startup.VersionLoggerListener.log Command line argument:             -Dcatalina.base=C:\Users\willi\OneDrive\Escritorio\coronel\TP1_232_GC\Alternancia2\DemoMVC\src\main
11-Oct-2024 10:36:47.826 INFO [main] org.apache.catalina.startup.VersionLoggerListener.log Command line argument:             -Djava.io.tmpdir=C:\Users\willi\OneDrive\Escritorio\coronel\TP1_232_GC\Alternancia2\DemoMVC\src\main\temp
11-Oct-2024 10:36:47.826 INFO [main] org.apache.catalina.startup.VersionLoggerListener.log Command line argument:             -Djava.util.logging.config.file=C:\Users\willi\OneDrive\Escritorio\coronel\TP1_232_GC\Alternancia2\DemoMVC\src\main\conf\logging.properties
11-Oct-2024 10:36:47.827 INFO [main] org.apache.catalina.startup.VersionLoggerListener.log Command line argument:             -Djava.util.logging.manager=org.apache.juli.ClassLoaderLogManager
11-Oct-2024 10:36:47.827 INFO [main] org.apache.catalina.startup.VersionLoggerListener.log Command line argument:             -javaagent:C:\Program Files\JetBrains\IntelliJ IDEA 2024.1.4\lib\idea_rt.jar=54522:C:\Program Files\JetBrains\IntelliJ IDEA 2024.1.4\bin
11-Oct-2024 10:36:47.827 INFO [main] org.apache.catalina.startup.VersionLoggerListener.log Command line argument:             -Dfile.encoding=UTF-8
11-Oct-2024 10:36:47.845 INFO [main] org.apache.catalina.core.AprLifecycleListener.lifecycleEvent La biblioteca nativa de Apache Tomcat basada en ARP que permite un rendimiento óptimo en entornos de desarrollo no ha sido hallada en java.library.path: [C:\Program Files\Java\jdk-17\bin;C:\Windows\Sun\Java\bin;C:\Windows\system32;C:\Windows;C:\Python312\Scripts\;C:\Python312\;C:\Program Files\Common Files\Oracle\Java\javapath;C:\Windows\system32;C:\Windows;C:\Windows\System32\Wbem;C:\Windows\System32\WindowsPowerShell\v1.0\;C:\Windows\System32\OpenSSH\;C:\Program Files\Docker\Docker\resources\bin;C:\Program Files\Microsoft SQL Server\Client SDK\ODBC\170\Tools\Binn\;C:\Program Files (x86)\Microsoft SQL Server\150\Tools\Binn\;C:\Program Files\Microsoft SQL Server\150\Tools\Binn\;C:\Program Files\Microsoft SQL Server\150\DTS\Binn\;C:\Program Files (x86)\Microsoft SQL Server\150\DTS\Binn\;C:\Program Files\nodejs\;C:\ProgramData\chocolatey\bin;C:\Program Files\Git\cmd;C:\Program Files (x86)\Microsoft SQL Server\160\DTS\Binn\;C:\Users\willi\AppData\Local\Microsoft\WindowsApps;C:\Users\willi\AppData\Local\Programs\Microsoft VS Code\bin;C:\Program Files\JetBrains\IntelliJ IDEA 2024.1.4\bin;;C:\Program Files\JetBrains\IntelliJ IDEA Community Edition 2024.2.0.1\bin;;C:\Users\willi\AppData\Roaming\npm;.]
11-Oct-2024 10:36:48.787 INFO [main] org.apache.coyote.AbstractProtocol.init Inicializando el manejador de protocolo ["http-nio-8080"]

11-Oct-2024 10:36:48.848 INFO [main] org.apache.catalina.startup.Catalina.load Server initialization in [1877] milliseconds
11-Oct-2024 10:36:48.984 INFO [main] org.apache.catalina.core.StandardService.startInternal Arrancando servicio [Catalina]
11-Oct-2024 10:36:48.984 INFO [main] org.apache.catalina.core.StandardEngine.startInternal Starting Servlet engine: [Apache Tomcat/9.0.93]
11-Oct-2024 10:36:49.046 INFO [main] org.apache.catalina.startup.HostConfig.deployDescriptor Desplieque del descriptor de configuración [C:\Users\willi\OneDrive\Escritorio\coronel\TP1_232_GC\Alternancia2\DemoMVC\src\main\conf\Catalina\localhost\DemoMVC.xml]
11-Oct-2024 10:36:52.715 INFO [main] org.apache.jasper.servlet.TldScanner.scanJars Al menos un JAR, que se ha explorado buscando TLDs, aún no contenía TLDs. Activar historial de depuración para este historiador para una completa lista de los JARs que fueron explorados y de los que nos se halló TLDs. Saltarse JARs no necesarios durante la exploración puede dar lugar a una mejora de tiempo significativa en el arranque y compilación de JSP .
11-Oct-2024 10:36:53.055 WARNING [main] org.apache.catalina.util.SessionIdGeneratorBase.createSecureRandom Creation of SecureRandom instance for session ID generation using [SHA1PRNG] took [118] milliseconds.
11-Oct-2024 10:36:53.100 INFO [main] org.apache.catalina.startup.HostConfig.deployDescriptor Deployment of deployment descriptor [C:\Users\willi\OneDrive\Escritorio\coronel\TP1_232_GC\Alternancia2\DemoMVC\src\main\conf\Catalina\localhost\DemoMVC.xml] has finished in [4.057] ms
11-Oct-2024 10:36:53.110 INFO [main] org.apache.coyote.AbstractProtocol.start Starting ProtocolHandler ["http-nio-8080"]
11-Oct-2024 10:36:53.311 INFO [main] org.apache.catalina.startup.Catalina.start Server startup in [4461] milliseconds
11-Oct-2024 12:11:44.734 INFO [Thread-1] org.apache.coyote.AbstractProtocol.pause Pausing ProtocolHandler ["http-nio-8080"]
11-Oct-2024 12:11:44.838 INFO [Thread-1] org.apache.catalina.core.StandardService.stopInternal Parando servicio [Catalina]
11-Oct-2024 12:11:44.908 INFO [Thread-1] org.apache.coyote.AbstractProtocol.stop Stopping ProtocolHandler ["http-nio-8080"]
11-Oct-2024 12:11:44.925 INFO [Thread-1] org.apache.coyote.AbstractProtocol.destroy Destroying ProtocolHandler ["http-nio-8080"]
11-Oct-2024 12:11:50.572 INFO [main] org.apache.catalina.startup.VersionLoggerListener.log Nombre de la versión del servidor: Apache Tomcat/9.0.93
11-Oct-2024 12:11:50.579 INFO [main] org.apache.catalina.startup.VersionLoggerListener.log Server built:                      Aug 2 2024 21:24:59 UTC
11-Oct-2024 12:11:50.579 INFO [main] org.apache.catalina.startup.VersionLoggerListener.log Número de versión de servidor:     9.0.93.0
11-Oct-2024 12:11:50.580 INFO [main] org.apache.catalina.startup.VersionLoggerListener.log OS Name:                           Windows 11
11-Oct-2024 12:11:50.580 INFO [main] org.apache.catalina.startup.VersionLoggerListener.log Versión de Systema Operativo:      10.0
11-Oct-2024 12:11:50.581 INFO [main] org.apache.catalina.startup.VersionLoggerListener.log Arquitectura:                      amd64
11-Oct-2024 12:11:50.581 INFO [main] org.apache.catalina.startup.VersionLoggerListener.log Java Home:                         C:\Program Files\Java\jdk-17
11-Oct-2024 12:11:50.581 INFO [main] org.apache.catalina.startup.VersionLoggerListener.log JVM Version:                       17.0.12+8-LTS-286
11-Oct-2024 12:11:50.582 INFO [main] org.apache.catalina.startup.VersionLoggerListener.log Vededor JVM:                       Oracle Corporation
11-Oct-2024 12:11:50.582 INFO [main] org.apache.catalina.startup.VersionLoggerListener.log CATALINA_BASE:                     C:\Users\willi\OneDrive\Escritorio\coronel\TP1_232_GC\Alternancia2\DemoMVC\src\main
11-Oct-2024 12:11:50.582 INFO [main] org.apache.catalina.startup.VersionLoggerListener.log CATALINA_HOME:                     C:\valleGrande\apache-tomcat-9.0.93
11-Oct-2024 12:11:50.599 INFO [main] org.apache.catalina.startup.VersionLoggerListener.log Command line argument:             --add-opens=java.base/java.lang=ALL-UNNAMED
11-Oct-2024 12:11:50.599 INFO [main] org.apache.catalina.startup.VersionLoggerListener.log Command line argument:             --add-opens=java.base/java.io=ALL-UNNAMED
11-Oct-2024 12:11:50.599 INFO [main] org.apache.catalina.startup.VersionLoggerListener.log Command line argument:             --add-opens=java.base/java.util=ALL-UNNAMED
11-Oct-2024 12:11:50.599 INFO [main] org.apache.catalina.startup.VersionLoggerListener.log Command line argument:             --add-opens=java.base/java.util.concurrent=ALL-UNNAMED
11-Oct-2024 12:11:50.600 INFO [main] org.apache.catalina.startup.VersionLoggerListener.log Command line argument:             --add-opens=java.rmi/sun.rmi.transport=ALL-UNNAMED
11-Oct-2024 12:11:50.600 INFO [main] org.apache.catalina.startup.VersionLoggerListener.log Command line argument:             -Dcatalina.home=C:\valleGrande\apache-tomcat-9.0.93
11-Oct-2024 12:11:50.600 INFO [main] org.apache.catalina.startup.VersionLoggerListener.log Command line argument:             -Dcatalina.base=C:\Users\willi\OneDrive\Escritorio\coronel\TP1_232_GC\Alternancia2\DemoMVC\src\main
11-Oct-2024 12:11:50.600 INFO [main] org.apache.catalina.startup.VersionLoggerListener.log Command line argument:             -Djava.io.tmpdir=C:\Users\willi\OneDrive\Escritorio\coronel\TP1_232_GC\Alternancia2\DemoMVC\src\main\temp
11-Oct-2024 12:11:50.601 INFO [main] org.apache.catalina.startup.VersionLoggerListener.log Command line argument:             -Djava.util.logging.config.file=C:\Users\willi\OneDrive\Escritorio\coronel\TP1_232_GC\Alternancia2\DemoMVC\src\main\conf\logging.properties
11-Oct-2024 12:11:50.601 INFO [main] org.apache.catalina.startup.VersionLoggerListener.log Command line argument:             -Djava.util.logging.manager=org.apache.juli.ClassLoaderLogManager
11-Oct-2024 12:11:50.601 INFO [main] org.apache.catalina.startup.VersionLoggerListener.log Command line argument:             -javaagent:C:\Program Files\JetBrains\IntelliJ IDEA 2024.1.4\lib\idea_rt.jar=58401:C:\Program Files\JetBrains\IntelliJ IDEA 2024.1.4\bin
11-Oct-2024 12:11:50.601 INFO [main] org.apache.catalina.startup.VersionLoggerListener.log Command line argument:             -Dfile.encoding=UTF-8
11-Oct-2024 12:11:50.615 INFO [main] org.apache.catalina.core.AprLifecycleListener.lifecycleEvent La biblioteca nativa de Apache Tomcat basada en ARP que permite un rendimiento óptimo en entornos de desarrollo no ha sido hallada en java.library.path: [C:\Program Files\Java\jdk-17\bin;C:\Windows\Sun\Java\bin;C:\Windows\system32;C:\Windows;C:\Python312\Scripts\;C:\Python312\;C:\Program Files\Common Files\Oracle\Java\javapath;C:\Windows\system32;C:\Windows;C:\Windows\System32\Wbem;C:\Windows\System32\WindowsPowerShell\v1.0\;C:\Windows\System32\OpenSSH\;C:\Program Files\Docker\Docker\resources\bin;C:\Program Files\Microsoft SQL Server\Client SDK\ODBC\170\Tools\Binn\;C:\Program Files (x86)\Microsoft SQL Server\150\Tools\Binn\;C:\Program Files\Microsoft SQL Server\150\Tools\Binn\;C:\Program Files\Microsoft SQL Server\150\DTS\Binn\;C:\Program Files (x86)\Microsoft SQL Server\150\DTS\Binn\;C:\Program Files\nodejs\;C:\ProgramData\chocolatey\bin;C:\Program Files\Git\cmd;C:\Program Files (x86)\Microsoft SQL Server\160\DTS\Binn\;C:\Users\willi\AppData\Local\Microsoft\WindowsApps;C:\Users\willi\AppData\Local\Programs\Microsoft VS Code\bin;C:\Program Files\JetBrains\IntelliJ IDEA 2024.1.4\bin;;C:\Program Files\JetBrains\IntelliJ IDEA Community Edition 2024.2.0.1\bin;;C:\Users\willi\AppData\Roaming\npm;.]
11-Oct-2024 12:11:51.537 INFO [main] org.apache.coyote.AbstractProtocol.init Inicializando el manejador de protocolo ["http-nio-8080"]

11-Oct-2024 12:11:51.664 INFO [main] org.apache.catalina.startup.Catalina.load Server initialization in [1987] milliseconds
11-Oct-2024 12:11:51.796 INFO [main] org.apache.catalina.core.StandardService.startInternal Arrancando servicio [Catalina]
11-Oct-2024 12:11:51.797 INFO [main] org.apache.catalina.core.StandardEngine.startInternal Starting Servlet engine: [Apache Tomcat/9.0.93]
11-Oct-2024 12:11:51.855 INFO [main] org.apache.catalina.startup.HostConfig.deployDescriptor Desplieque del descriptor de configuración [C:\Users\willi\OneDrive\Escritorio\coronel\TP1_232_GC\Alternancia2\DemoMVC\src\main\conf\Catalina\localhost\DemoMVC.xml]
11-Oct-2024 12:11:53.891 INFO [main] org.apache.jasper.servlet.TldScanner.scanJars Al menos un JAR, que se ha explorado buscando TLDs, aún no contenía TLDs. Activar historial de depuración para este historiador para una completa lista de los JARs que fueron explorados y de los que nos se halló TLDs. Saltarse JARs no necesarios durante la exploración puede dar lugar a una mejora de tiempo significativa en el arranque y compilación de JSP .
11-Oct-2024 12:11:54.160 INFO [main] org.apache.catalina.startup.HostConfig.deployDescriptor Deployment of deployment descriptor [C:\Users\willi\OneDrive\Escritorio\coronel\TP1_232_GC\Alternancia2\DemoMVC\src\main\conf\Catalina\localhost\DemoMVC.xml] has finished in [2.303] ms
11-Oct-2024 12:11:54.170 INFO [main] org.apache.coyote.AbstractProtocol.start Starting ProtocolHandler ["http-nio-8080"]
11-Oct-2024 12:11:54.288 INFO [main] org.apache.catalina.startup.Catalina.start Server startup in [2624] milliseconds
11-Oct-2024 20:37:01.829 INFO [Thread-1] org.apache.coyote.AbstractProtocol.pause Pausing ProtocolHandler ["http-nio-8080"]
11-Oct-2024 20:37:01.993 INFO [Thread-1] org.apache.catalina.core.StandardService.stopInternal Parando servicio [Catalina]
11-Oct-2024 20:37:02.057 INFO [Thread-1] org.apache.coyote.AbstractProtocol.stop Stopping ProtocolHandler ["http-nio-8080"]
11-Oct-2024 20:37:02.070 INFO [Thread-1] org.apache.coyote.AbstractProtocol.destroy Destroying ProtocolHandler ["http-nio-8080"]
11-Oct-2024 22:01:06.557 INFO [main] org.apache.catalina.startup.VersionLoggerListener.log Nombre de la versión del servidor: Apache Tomcat/9.0.93
11-Oct-2024 22:01:06.612 INFO [main] org.apache.catalina.startup.VersionLoggerListener.log Server built:                      Aug 2 2024 21:24:59 UTC
11-Oct-2024 22:01:06.615 INFO [main] org.apache.catalina.startup.VersionLoggerListener.log Número de versión de servidor:     9.0.93.0
11-Oct-2024 22:01:06.617 INFO [main] org.apache.catalina.startup.VersionLoggerListener.log OS Name:                           Windows 11
11-Oct-2024 22:01:06.618 INFO [main] org.apache.catalina.startup.VersionLoggerListener.log Versión de Systema Operativo:      10.0
11-Oct-2024 22:01:06.618 INFO [main] org.apache.catalina.startup.VersionLoggerListener.log Arquitectura:                      amd64
11-Oct-2024 22:01:06.618 INFO [main] org.apache.catalina.startup.VersionLoggerListener.log Java Home:                         C:\Program Files\Java\jdk-17
11-Oct-2024 22:01:06.619 INFO [main] org.apache.catalina.startup.VersionLoggerListener.log JVM Version:                       17.0.12+8-LTS-286
11-Oct-2024 22:01:06.619 INFO [main] org.apache.catalina.startup.VersionLoggerListener.log Vededor JVM:                       Oracle Corporation
11-Oct-2024 22:01:06.619 INFO [main] org.apache.catalina.startup.VersionLoggerListener.log CATALINA_BASE:                     C:\Users\willi\OneDrive\Escritorio\coronel\TP1_232_GC\Alternancia2\DemoMVC\src\main
11-Oct-2024 22:01:06.620 INFO [main] org.apache.catalina.startup.VersionLoggerListener.log CATALINA_HOME:                     C:\valleGrande\apache-tomcat-9.0.93
11-Oct-2024 22:01:06.736 INFO [main] org.apache.catalina.startup.VersionLoggerListener.log Command line argument:             --add-opens=java.base/java.lang=ALL-UNNAMED
11-Oct-2024 22:01:06.737 INFO [main] org.apache.catalina.startup.VersionLoggerListener.log Command line argument:             --add-opens=java.base/java.io=ALL-UNNAMED
11-Oct-2024 22:01:06.737 INFO [main] org.apache.catalina.startup.VersionLoggerListener.log Command line argument:             --add-opens=java.base/java.util=ALL-UNNAMED
11-Oct-2024 22:01:06.738 INFO [main] org.apache.catalina.startup.VersionLoggerListener.log Command line argument:             --add-opens=java.base/java.util.concurrent=ALL-UNNAMED
11-Oct-2024 22:01:06.738 INFO [main] org.apache.catalina.startup.VersionLoggerListener.log Command line argument:             --add-opens=java.rmi/sun.rmi.transport=ALL-UNNAMED
11-Oct-2024 22:01:06.738 INFO [main] org.apache.catalina.startup.VersionLoggerListener.log Command line argument:             -Dcatalina.home=C:\valleGrande\apache-tomcat-9.0.93
11-Oct-2024 22:01:06.738 INFO [main] org.apache.catalina.startup.VersionLoggerListener.log Command line argument:             -Dcatalina.base=C:\Users\willi\OneDrive\Escritorio\coronel\TP1_232_GC\Alternancia2\DemoMVC\src\main
11-Oct-2024 22:01:06.739 INFO [main] org.apache.catalina.startup.VersionLoggerListener.log Command line argument:             -Djava.io.tmpdir=C:\Users\willi\OneDrive\Escritorio\coronel\TP1_232_GC\Alternancia2\DemoMVC\src\main\temp
11-Oct-2024 22:01:06.739 INFO [main] org.apache.catalina.startup.VersionLoggerListener.log Command line argument:             -Djava.util.logging.config.file=C:\Users\willi\OneDrive\Escritorio\coronel\TP1_232_GC\Alternancia2\DemoMVC\src\main\conf\logging.properties
11-Oct-2024 22:01:06.740 INFO [main] org.apache.catalina.startup.VersionLoggerListener.log Command line argument:             -Djava.util.logging.manager=org.apache.juli.ClassLoaderLogManager
11-Oct-2024 22:01:06.740 INFO [main] org.apache.catalina.startup.VersionLoggerListener.log Command line argument:             -javaagent:C:\Program Files\JetBrains\IntelliJ IDEA 2024.1.4\lib\idea_rt.jar=63354:C:\Program Files\JetBrains\IntelliJ IDEA 2024.1.4\bin
11-Oct-2024 22:01:06.740 INFO [main] org.apache.catalina.startup.VersionLoggerListener.log Command line argument:             -Dfile.encoding=UTF-8
11-Oct-2024 22:01:06.762 INFO [main] org.apache.catalina.core.AprLifecycleListener.lifecycleEvent La biblioteca nativa de Apache Tomcat basada en ARP que permite un rendimiento óptimo en entornos de desarrollo no ha sido hallada en java.library.path: [C:\Program Files\Java\jdk-17\bin;C:\Windows\Sun\Java\bin;C:\Windows\system32;C:\Windows;C:\Python312\Scripts\;C:\Python312\;C:\Program Files\Common Files\Oracle\Java\javapath;C:\Windows\system32;C:\Windows;C:\Windows\System32\Wbem;C:\Windows\System32\WindowsPowerShell\v1.0\;C:\Windows\System32\OpenSSH\;C:\Program Files\Docker\Docker\resources\bin;C:\Program Files\Microsoft SQL Server\Client SDK\ODBC\170\Tools\Binn\;C:\Program Files (x86)\Microsoft SQL Server\150\Tools\Binn\;C:\Program Files\Microsoft SQL Server\150\Tools\Binn\;C:\Program Files\Microsoft SQL Server\150\DTS\Binn\;C:\Program Files (x86)\Microsoft SQL Server\150\DTS\Binn\;C:\Program Files\nodejs\;C:\ProgramData\chocolatey\bin;C:\Program Files\Git\cmd;C:\Program Files (x86)\Microsoft SQL Server\160\DTS\Binn\;C:\Users\willi\AppData\Local\Microsoft\WindowsApps;C:\Users\willi\AppData\Local\Programs\Microsoft VS Code\bin;C:\Program Files\JetBrains\IntelliJ IDEA 2024.1.4\bin;;C:\Program Files\JetBrains\IntelliJ IDEA Community Edition 2024.2.0.1\bin;;C:\Users\willi\AppData\Roaming\npm;.]
11-Oct-2024 22:01:08.628 INFO [main] org.apache.coyote.AbstractProtocol.init Inicializando el manejador de protocolo ["http-nio-8080"]

11-Oct-2024 22:01:08.962 INFO [main] org.apache.catalina.startup.Catalina.load Server initialization in [3948] milliseconds
11-Oct-2024 22:01:09.242 INFO [main] org.apache.catalina.core.StandardService.startInternal Arrancando servicio [Catalina]
11-Oct-2024 22:01:09.244 INFO [main] org.apache.catalina.core.StandardEngine.startInternal Starting Servlet engine: [Apache Tomcat/9.0.93]
11-Oct-2024 22:01:09.271 INFO [main] org.apache.catalina.startup.HostConfig.deployDescriptor Desplieque del descriptor de configuración [C:\Users\willi\OneDrive\Escritorio\coronel\TP1_232_GC\Alternancia2\DemoMVC\src\main\conf\Catalina\localhost\DemoMVC.xml]
11-Oct-2024 22:01:19.393 INFO [main] org.apache.jasper.servlet.TldScanner.scanJars Al menos un JAR, que se ha explorado buscando TLDs, aún no contenía TLDs. Activar historial de depuración para este historiador para una completa lista de los JARs que fueron explorados y de los que nos se halló TLDs. Saltarse JARs no necesarios durante la exploración puede dar lugar a una mejora de tiempo significativa en el arranque y compilación de JSP .
11-Oct-2024 22:01:20.014 WARNING [main] org.apache.catalina.util.SessionIdGeneratorBase.createSecureRandom Creation of SecureRandom instance for session ID generation using [SHA1PRNG] took [364] milliseconds.
11-Oct-2024 22:01:20.072 INFO [main] org.apache.catalina.startup.HostConfig.deployDescriptor Deployment of deployment descriptor [C:\Users\willi\OneDrive\Escritorio\coronel\TP1_232_GC\Alternancia2\DemoMVC\src\main\conf\Catalina\localhost\DemoMVC.xml] has finished in [10.801] ms
11-Oct-2024 22:01:20.082 INFO [main] org.apache.coyote.AbstractProtocol.start Starting ProtocolHandler ["http-nio-8080"]
11-Oct-2024 22:01:20.283 INFO [main] org.apache.catalina.startup.Catalina.start Server startup in [11320] milliseconds
11-Oct-2024 22:30:26.091 WARNING [http-nio-8080-exec-1] com.microsoft.sqlserver.jdbc.SQLServerConnection.prelogin ConnectionID:7 ClientConnectionId: 62988018-483e-429b-99b3-21e078159218 Prelogin error: host localhost port 14034 Unexpected end of prelogin response after 0 bytes read
11-Oct-2024 22:30:26.125 WARNING [http-nio-8080-exec-1] com.microsoft.sqlserver.jdbc.SQLServerConnection.prelogin ConnectionID:7 ClientConnectionId: c395ec81-f42d-4fc9-9b38-37bf4277b96e Prelogin error: host localhost port 14034 Unexpected end of prelogin response after 0 bytes read
11-Oct-2024 22:30:26.149 WARNING [http-nio-8080-exec-1] com.microsoft.sqlserver.jdbc.SQLServerConnection.prelogin ConnectionID:8 ClientConnectionId: 49c577e3-d298-4db9-8305-f931801a3496 Prelogin error: host localhost port 14034 Unexpected end of prelogin response after 0 bytes read
11-Oct-2024 22:30:26.170 WARNING [http-nio-8080-exec-1] com.microsoft.sqlserver.jdbc.SQLServerConnection.prelogin ConnectionID:8 ClientConnectionId: 99577e21-cf22-4f80-97c2-0b69de21dbda Prelogin error: host localhost port 14034 Unexpected end of prelogin response after 0 bytes read
11-Oct-2024 22:30:34.401 INFO [Thread-1] org.apache.coyote.AbstractProtocol.pause Pausing ProtocolHandler ["http-nio-8080"]
11-Oct-2024 22:30:34.805 INFO [Thread-1] org.apache.catalina.core.StandardService.stopInternal Parando servicio [Catalina]
11-Oct-2024 22:30:34.833 WARNING [Thread-1] org.apache.catalina.loader.WebappClassLoaderBase.clearReferencesJdbc La aplicación web [DemoMVC] registró el conductor JDBC [com.microsoft.sqlserver.jdbc.SQLServerDriver] pero falló al anular el registro mientras la aplicación web estaba parada. Para prevenir un fallo de memoria, se ha anulado el registro del conductor JDBC por la fuerza.
11-Oct-2024 22:30:34.845 INFO [Thread-1] org.apache.coyote.AbstractProtocol.stop Stopping ProtocolHandler ["http-nio-8080"]
11-Oct-2024 22:30:34.855 INFO [Thread-1] org.apache.coyote.AbstractProtocol.destroy Destroying ProtocolHandler ["http-nio-8080"]
11-Oct-2024 22:31:03.957 INFO [main] org.apache.catalina.startup.VersionLoggerListener.log Nombre de la versión del servidor: Apache Tomcat/9.0.93
11-Oct-2024 22:31:03.966 INFO [main] org.apache.catalina.startup.VersionLoggerListener.log Server built:                      Aug 2 2024 21:24:59 UTC
11-Oct-2024 22:31:03.966 INFO [main] org.apache.catalina.startup.VersionLoggerListener.log Número de versión de servidor:     9.0.93.0
11-Oct-2024 22:31:03.967 INFO [main] org.apache.catalina.startup.VersionLoggerListener.log OS Name:                           Windows 11
11-Oct-2024 22:31:03.967 INFO [main] org.apache.catalina.startup.VersionLoggerListener.log Versión de Systema Operativo:      10.0
11-Oct-2024 22:31:03.968 INFO [main] org.apache.catalina.startup.VersionLoggerListener.log Arquitectura:                      amd64
11-Oct-2024 22:31:03.968 INFO [main] org.apache.catalina.startup.VersionLoggerListener.log Java Home:                         C:\Program Files\Java\jdk-17
11-Oct-2024 22:31:03.969 INFO [main] org.apache.catalina.startup.VersionLoggerListener.log JVM Version:                       17.0.12+8-LTS-286
11-Oct-2024 22:31:03.969 INFO [main] org.apache.catalina.startup.VersionLoggerListener.log Vededor JVM:                       Oracle Corporation
11-Oct-2024 22:31:03.969 INFO [main] org.apache.catalina.startup.VersionLoggerListener.log CATALINA_BASE:                     C:\Users\willi\OneDrive\Escritorio\coronel\TP1_232_GC\Alternancia2\DemoMVC\src\main
11-Oct-2024 22:31:03.969 INFO [main] org.apache.catalina.startup.VersionLoggerListener.log CATALINA_HOME:                     C:\valleGrande\apache-tomcat-9.0.93
11-Oct-2024 22:31:04.012 INFO [main] org.apache.catalina.startup.VersionLoggerListener.log Command line argument:             --add-opens=java.base/java.lang=ALL-UNNAMED
11-Oct-2024 22:31:04.012 INFO [main] org.apache.catalina.startup.VersionLoggerListener.log Command line argument:             --add-opens=java.base/java.io=ALL-UNNAMED
11-Oct-2024 22:31:04.012 INFO [main] org.apache.catalina.startup.VersionLoggerListener.log Command line argument:             --add-opens=java.base/java.util=ALL-UNNAMED
11-Oct-2024 22:31:04.013 INFO [main] org.apache.catalina.startup.VersionLoggerListener.log Command line argument:             --add-opens=java.base/java.util.concurrent=ALL-UNNAMED
11-Oct-2024 22:31:04.013 INFO [main] org.apache.catalina.startup.VersionLoggerListener.log Command line argument:             --add-opens=java.rmi/sun.rmi.transport=ALL-UNNAMED
11-Oct-2024 22:31:04.013 INFO [main] org.apache.catalina.startup.VersionLoggerListener.log Command line argument:             -Dcatalina.home=C:\valleGrande\apache-tomcat-9.0.93
11-Oct-2024 22:31:04.013 INFO [main] org.apache.catalina.startup.VersionLoggerListener.log Command line argument:             -Dcatalina.base=C:\Users\willi\OneDrive\Escritorio\coronel\TP1_232_GC\Alternancia2\DemoMVC\src\main
11-Oct-2024 22:31:04.013 INFO [main] org.apache.catalina.startup.VersionLoggerListener.log Command line argument:             -Djava.io.tmpdir=C:\Users\willi\OneDrive\Escritorio\coronel\TP1_232_GC\Alternancia2\DemoMVC\src\main\temp
11-Oct-2024 22:31:04.014 INFO [main] org.apache.catalina.startup.VersionLoggerListener.log Command line argument:             -Djava.util.logging.config.file=C:\Users\willi\OneDrive\Escritorio\coronel\TP1_232_GC\Alternancia2\DemoMVC\src\main\conf\logging.properties
11-Oct-2024 22:31:04.014 INFO [main] org.apache.catalina.startup.VersionLoggerListener.log Command line argument:             -Djava.util.logging.manager=org.apache.juli.ClassLoaderLogManager
11-Oct-2024 22:31:04.014 INFO [main] org.apache.catalina.startup.VersionLoggerListener.log Command line argument:             -javaagent:C:\Program Files\JetBrains\IntelliJ IDEA 2024.1.4\lib\idea_rt.jar=64557:C:\Program Files\JetBrains\IntelliJ IDEA 2024.1.4\bin
11-Oct-2024 22:31:04.015 INFO [main] org.apache.catalina.startup.VersionLoggerListener.log Command line argument:             -Dfile.encoding=UTF-8
11-Oct-2024 22:31:04.032 INFO [main] org.apache.catalina.core.AprLifecycleListener.lifecycleEvent La biblioteca nativa de Apache Tomcat basada en ARP que permite un rendimiento óptimo en entornos de desarrollo no ha sido hallada en java.library.path: [C:\Program Files\Java\jdk-17\bin;C:\Windows\Sun\Java\bin;C:\Windows\system32;C:\Windows;C:\Python312\Scripts\;C:\Python312\;C:\Program Files\Common Files\Oracle\Java\javapath;C:\Windows\system32;C:\Windows;C:\Windows\System32\Wbem;C:\Windows\System32\WindowsPowerShell\v1.0\;C:\Windows\System32\OpenSSH\;C:\Program Files\Docker\Docker\resources\bin;C:\Program Files\Microsoft SQL Server\Client SDK\ODBC\170\Tools\Binn\;C:\Program Files (x86)\Microsoft SQL Server\150\Tools\Binn\;C:\Program Files\Microsoft SQL Server\150\Tools\Binn\;C:\Program Files\Microsoft SQL Server\150\DTS\Binn\;C:\Program Files (x86)\Microsoft SQL Server\150\DTS\Binn\;C:\Program Files\nodejs\;C:\ProgramData\chocolatey\bin;C:\Program Files\Git\cmd;C:\Program Files (x86)\Microsoft SQL Server\160\DTS\Binn\;C:\Users\willi\AppData\Local\Microsoft\WindowsApps;C:\Users\willi\AppData\Local\Programs\Microsoft VS Code\bin;C:\Program Files\JetBrains\IntelliJ IDEA 2024.1.4\bin;;C:\Program Files\JetBrains\IntelliJ IDEA Community Edition 2024.2.0.1\bin;;C:\Users\willi\AppData\Roaming\npm;.]
11-Oct-2024 22:31:05.873 INFO [main] org.apache.coyote.AbstractProtocol.init Inicializando el manejador de protocolo ["http-nio-8080"]

11-Oct-2024 22:31:05.974 INFO [main] org.apache.catalina.startup.Catalina.load Server initialization in [2904] milliseconds
11-Oct-2024 22:31:06.199 INFO [main] org.apache.catalina.core.StandardService.startInternal Arrancando servicio [Catalina]
11-Oct-2024 22:31:06.200 INFO [main] org.apache.catalina.core.StandardEngine.startInternal Starting Servlet engine: [Apache Tomcat/9.0.93]
11-Oct-2024 22:31:06.239 INFO [main] org.apache.catalina.startup.HostConfig.deployDescriptor Desplieque del descriptor de configuración [C:\Users\willi\OneDrive\Escritorio\coronel\TP1_232_GC\Alternancia2\DemoMVC\src\main\conf\Catalina\localhost\DemoMVC.xml]
11-Oct-2024 22:31:10.686 INFO [main] org.apache.jasper.servlet.TldScanner.scanJars Al menos un JAR, que se ha explorado buscando TLDs, aún no contenía TLDs. Activar historial de depuración para este historiador para una completa lista de los JARs que fueron explorados y de los que nos se halló TLDs. Saltarse JARs no necesarios durante la exploración puede dar lugar a una mejora de tiempo significativa en el arranque y compilación de JSP .
11-Oct-2024 22:31:11.294 WARNING [main] org.apache.catalina.util.SessionIdGeneratorBase.createSecureRandom Creation of SecureRandom instance for session ID generation using [SHA1PRNG] took [253] milliseconds.
11-Oct-2024 22:31:11.441 INFO [main] org.apache.catalina.startup.HostConfig.deployDescriptor Deployment of deployment descriptor [C:\Users\willi\OneDrive\Escritorio\coronel\TP1_232_GC\Alternancia2\DemoMVC\src\main\conf\Catalina\localhost\DemoMVC.xml] has finished in [5.202] ms
11-Oct-2024 22:31:11.504 INFO [main] org.apache.coyote.AbstractProtocol.start Starting ProtocolHandler ["http-nio-8080"]
11-Oct-2024 22:31:15.929 INFO [main] org.apache.catalina.startup.Catalina.start Server startup in [9953] milliseconds
11-Oct-2024 23:16:08.010 INFO [Thread-1] org.apache.coyote.AbstractProtocol.pause Pausing ProtocolHandler ["http-nio-8080"]
11-Oct-2024 23:16:08.234 INFO [Thread-1] org.apache.catalina.core.StandardService.stopInternal Parando servicio [Catalina]
11-Oct-2024 23:16:08.246 WARNING [Thread-1] org.apache.catalina.loader.WebappClassLoaderBase.clearReferencesJdbc La aplicación web [DemoMVC] registró el conductor JDBC [com.microsoft.sqlserver.jdbc.SQLServerDriver] pero falló al anular el registro mientras la aplicación web estaba parada. Para prevenir un fallo de memoria, se ha anulado el registro del conductor JDBC por la fuerza.
11-Oct-2024 23:16:08.259 INFO [Thread-1] org.apache.coyote.AbstractProtocol.stop Stopping ProtocolHandler ["http-nio-8080"]
11-Oct-2024 23:16:08.275 INFO [Thread-1] org.apache.coyote.AbstractProtocol.destroy Destroying ProtocolHandler ["http-nio-8080"]
11-Oct-2024 23:18:34.458 INFO [main] org.apache.catalina.startup.VersionLoggerListener.log Nombre de la versión del servidor: Apache Tomcat/9.0.93
11-Oct-2024 23:18:34.467 INFO [main] org.apache.catalina.startup.VersionLoggerListener.log Server built:                      Aug 2 2024 21:24:59 UTC
11-Oct-2024 23:18:34.468 INFO [main] org.apache.catalina.startup.VersionLoggerListener.log Número de versión de servidor:     9.0.93.0
11-Oct-2024 23:18:34.468 INFO [main] org.apache.catalina.startup.VersionLoggerListener.log OS Name:                           Windows 11
11-Oct-2024 23:18:34.469 INFO [main] org.apache.catalina.startup.VersionLoggerListener.log Versión de Systema Operativo:      10.0
11-Oct-2024 23:18:34.469 INFO [main] org.apache.catalina.startup.VersionLoggerListener.log Arquitectura:                      amd64
11-Oct-2024 23:18:34.469 INFO [main] org.apache.catalina.startup.VersionLoggerListener.log Java Home:                         C:\Program Files\Java\jdk-17
11-Oct-2024 23:18:34.469 INFO [main] org.apache.catalina.startup.VersionLoggerListener.log JVM Version:                       17.0.12+8-LTS-286
11-Oct-2024 23:18:34.470 INFO [main] org.apache.catalina.startup.VersionLoggerListener.log Vededor JVM:                       Oracle Corporation
11-Oct-2024 23:18:34.470 INFO [main] org.apache.catalina.startup.VersionLoggerListener.log CATALINA_BASE:                     C:\Users\willi\OneDrive\Escritorio\coronel\TP1_232_GC\Alternancia2\DemoMVC\src\main
11-Oct-2024 23:18:34.470 INFO [main] org.apache.catalina.startup.VersionLoggerListener.log CATALINA_HOME:                     C:\valleGrande\apache-tomcat-9.0.93
11-Oct-2024 23:18:34.513 INFO [main] org.apache.catalina.startup.VersionLoggerListener.log Command line argument:             --add-opens=java.base/java.lang=ALL-UNNAMED
11-Oct-2024 23:18:34.514 INFO [main] org.apache.catalina.startup.VersionLoggerListener.log Command line argument:             --add-opens=java.base/java.io=ALL-UNNAMED
11-Oct-2024 23:18:34.514 INFO [main] org.apache.catalina.startup.VersionLoggerListener.log Command line argument:             --add-opens=java.base/java.util=ALL-UNNAMED
11-Oct-2024 23:18:34.514 INFO [main] org.apache.catalina.startup.VersionLoggerListener.log Command line argument:             --add-opens=java.base/java.util.concurrent=ALL-UNNAMED
11-Oct-2024 23:18:34.515 INFO [main] org.apache.catalina.startup.VersionLoggerListener.log Command line argument:             --add-opens=java.rmi/sun.rmi.transport=ALL-UNNAMED
11-Oct-2024 23:18:34.515 INFO [main] org.apache.catalina.startup.VersionLoggerListener.log Command line argument:             -Dcatalina.home=C:\valleGrande\apache-tomcat-9.0.93
11-Oct-2024 23:18:34.515 INFO [main] org.apache.catalina.startup.VersionLoggerListener.log Command line argument:             -Dcatalina.base=C:\Users\willi\OneDrive\Escritorio\coronel\TP1_232_GC\Alternancia2\DemoMVC\src\main
11-Oct-2024 23:18:34.515 INFO [main] org.apache.catalina.startup.VersionLoggerListener.log Command line argument:             -Djava.io.tmpdir=C:\Users\willi\OneDrive\Escritorio\coronel\TP1_232_GC\Alternancia2\DemoMVC\src\main\temp
11-Oct-2024 23:18:34.516 INFO [main] org.apache.catalina.startup.VersionLoggerListener.log Command line argument:             -Djava.util.logging.config.file=C:\Users\willi\OneDrive\Escritorio\coronel\TP1_232_GC\Alternancia2\DemoMVC\src\main\conf\logging.properties
11-Oct-2024 23:18:34.516 INFO [main] org.apache.catalina.startup.VersionLoggerListener.log Command line argument:             -Djava.util.logging.manager=org.apache.juli.ClassLoaderLogManager
11-Oct-2024 23:18:34.516 INFO [main] org.apache.catalina.startup.VersionLoggerListener.log Command line argument:             -javaagent:C:\Program Files\JetBrains\IntelliJ IDEA 2024.1.4\lib\idea_rt.jar=49459:C:\Program Files\JetBrains\IntelliJ IDEA 2024.1.4\bin
11-Oct-2024 23:18:34.517 INFO [main] org.apache.catalina.startup.VersionLoggerListener.log Command line argument:             -Dfile.encoding=UTF-8
11-Oct-2024 23:18:34.534 INFO [main] org.apache.catalina.core.AprLifecycleListener.lifecycleEvent La biblioteca nativa de Apache Tomcat basada en ARP que permite un rendimiento óptimo en entornos de desarrollo no ha sido hallada en java.library.path: [C:\Program Files\Java\jdk-17\bin;C:\Windows\Sun\Java\bin;C:\Windows\system32;C:\Windows;C:\Python312\Scripts\;C:\Python312\;C:\Program Files\Common Files\Oracle\Java\javapath;C:\Windows\system32;C:\Windows;C:\Windows\System32\Wbem;C:\Windows\System32\WindowsPowerShell\v1.0\;C:\Windows\System32\OpenSSH\;C:\Program Files\Docker\Docker\resources\bin;C:\Program Files\Microsoft SQL Server\Client SDK\ODBC\170\Tools\Binn\;C:\Program Files (x86)\Microsoft SQL Server\150\Tools\Binn\;C:\Program Files\Microsoft SQL Server\150\Tools\Binn\;C:\Program Files\Microsoft SQL Server\150\DTS\Binn\;C:\Program Files (x86)\Microsoft SQL Server\150\DTS\Binn\;C:\Program Files\nodejs\;C:\ProgramData\chocolatey\bin;C:\Program Files\Git\cmd;C:\Program Files (x86)\Microsoft SQL Server\160\DTS\Binn\;C:\Users\willi\AppData\Local\Microsoft\WindowsApps;C:\Users\willi\AppData\Local\Programs\Microsoft VS Code\bin;C:\Program Files\JetBrains\IntelliJ IDEA 2024.1.4\bin;;C:\Program Files\JetBrains\IntelliJ IDEA Community Edition 2024.2.0.1\bin;;C:\Users\willi\AppData\Roaming\npm;.]
11-Oct-2024 23:18:35.578 INFO [main] org.apache.coyote.AbstractProtocol.init Inicializando el manejador de protocolo ["http-nio-8080"]

11-Oct-2024 23:18:35.663 INFO [main] org.apache.catalina.startup.Catalina.load Server initialization in [1910] milliseconds
11-Oct-2024 23:18:35.820 INFO [main] org.apache.catalina.core.StandardService.startInternal Arrancando servicio [Catalina]
11-Oct-2024 23:18:35.823 INFO [main] org.apache.catalina.core.StandardEngine.startInternal Starting Servlet engine: [Apache Tomcat/9.0.93]
11-Oct-2024 23:18:35.844 INFO [main] org.apache.catalina.startup.HostConfig.deployDescriptor Desplieque del descriptor de configuración [C:\Users\willi\OneDrive\Escritorio\coronel\TP1_232_GC\Alternancia2\DemoMVC\src\main\conf\Catalina\localhost\DemoMVC.xml]
11-Oct-2024 23:18:38.438 INFO [main] org.apache.jasper.servlet.TldScanner.scanJars Al menos un JAR, que se ha explorado buscando TLDs, aún no contenía TLDs. Activar historial de depuración para este historiador para una completa lista de los JARs que fueron explorados y de los que nos se halló TLDs. Saltarse JARs no necesarios durante la exploración puede dar lugar a una mejora de tiempo significativa en el arranque y compilación de JSP .
11-Oct-2024 23:18:38.704 WARNING [main] org.apache.catalina.util.SessionIdGeneratorBase.createSecureRandom Creation of SecureRandom instance for session ID generation using [SHA1PRNG] took [107] milliseconds.
11-Oct-2024 23:18:38.747 INFO [main] org.apache.catalina.startup.HostConfig.deployDescriptor Deployment of deployment descriptor [C:\Users\willi\OneDrive\Escritorio\coronel\TP1_232_GC\Alternancia2\DemoMVC\src\main\conf\Catalina\localhost\DemoMVC.xml] has finished in [2.903] ms
11-Oct-2024 23:18:38.756 INFO [main] org.apache.coyote.AbstractProtocol.start Starting ProtocolHandler ["http-nio-8080"]
11-Oct-2024 23:18:38.893 INFO [main] org.apache.catalina.startup.Catalina.start Server startup in [3229] milliseconds
11-Oct-2024 23:30:17.006 INFO [Thread-1] org.apache.coyote.AbstractProtocol.pause Pausing ProtocolHandler ["http-nio-8080"]
11-Oct-2024 23:30:17.213 INFO [Thread-1] org.apache.catalina.core.StandardService.stopInternal Parando servicio [Catalina]
11-Oct-2024 23:30:17.249 INFO [Thread-1] org.apache.coyote.AbstractProtocol.stop Stopping ProtocolHandler ["http-nio-8080"]
11-Oct-2024 23:30:17.269 INFO [Thread-1] org.apache.coyote.AbstractProtocol.destroy Destroying ProtocolHandler ["http-nio-8080"]
11-Oct-2024 23:30:30.627 INFO [main] org.apache.catalina.startup.VersionLoggerListener.log Nombre de la versión del servidor: Apache Tomcat/9.0.93
11-Oct-2024 23:30:30.636 INFO [main] org.apache.catalina.startup.VersionLoggerListener.log Server built:                      Aug 2 2024 21:24:59 UTC
11-Oct-2024 23:30:30.636 INFO [main] org.apache.catalina.startup.VersionLoggerListener.log Número de versión de servidor:     9.0.93.0
11-Oct-2024 23:30:30.637 INFO [main] org.apache.catalina.startup.VersionLoggerListener.log OS Name:                           Windows 11
11-Oct-2024 23:30:30.637 INFO [main] org.apache.catalina.startup.VersionLoggerListener.log Versión de Systema Operativo:      10.0
11-Oct-2024 23:30:30.637 INFO [main] org.apache.catalina.startup.VersionLoggerListener.log Arquitectura:                      amd64
11-Oct-2024 23:30:30.637 INFO [main] org.apache.catalina.startup.VersionLoggerListener.log Java Home:                         C:\Program Files\Java\jdk-17
11-Oct-2024 23:30:30.638 INFO [main] org.apache.catalina.startup.VersionLoggerListener.log JVM Version:                       17.0.12+8-LTS-286
11-Oct-2024 23:30:30.638 INFO [main] org.apache.catalina.startup.VersionLoggerListener.log Vededor JVM:                       Oracle Corporation
11-Oct-2024 23:30:30.638 INFO [main] org.apache.catalina.startup.VersionLoggerListener.log CATALINA_BASE:                     C:\Users\willi\OneDrive\Escritorio\coronel\TP1_232_GC\Alternancia2\DemoMVC\src\main
11-Oct-2024 23:30:30.638 INFO [main] org.apache.catalina.startup.VersionLoggerListener.log CATALINA_HOME:                     C:\valleGrande\apache-tomcat-9.0.93
11-Oct-2024 23:30:30.657 INFO [main] org.apache.catalina.startup.VersionLoggerListener.log Command line argument:             --add-opens=java.base/java.lang=ALL-UNNAMED
11-Oct-2024 23:30:30.657 INFO [main] org.apache.catalina.startup.VersionLoggerListener.log Command line argument:             --add-opens=java.base/java.io=ALL-UNNAMED
11-Oct-2024 23:30:30.658 INFO [main] org.apache.catalina.startup.VersionLoggerListener.log Command line argument:             --add-opens=java.base/java.util=ALL-UNNAMED
11-Oct-2024 23:30:30.658 INFO [main] org.apache.catalina.startup.VersionLoggerListener.log Command line argument:             --add-opens=java.base/java.util.concurrent=ALL-UNNAMED
11-Oct-2024 23:30:30.658 INFO [main] org.apache.catalina.startup.VersionLoggerListener.log Command line argument:             --add-opens=java.rmi/sun.rmi.transport=ALL-UNNAMED
11-Oct-2024 23:30:30.659 INFO [main] org.apache.catalina.startup.VersionLoggerListener.log Command line argument:             -Dcatalina.home=C:\valleGrande\apache-tomcat-9.0.93
11-Oct-2024 23:30:30.659 INFO [main] org.apache.catalina.startup.VersionLoggerListener.log Command line argument:             -Dcatalina.base=C:\Users\willi\OneDrive\Escritorio\coronel\TP1_232_GC\Alternancia2\DemoMVC\src\main
11-Oct-2024 23:30:30.661 INFO [main] org.apache.catalina.startup.VersionLoggerListener.log Command line argument:             -Djava.io.tmpdir=C:\Users\willi\OneDrive\Escritorio\coronel\TP1_232_GC\Alternancia2\DemoMVC\src\main\temp
11-Oct-2024 23:30:30.661 INFO [main] org.apache.catalina.startup.VersionLoggerListener.log Command line argument:             -Djava.util.logging.config.file=C:\Users\willi\OneDrive\Escritorio\coronel\TP1_232_GC\Alternancia2\DemoMVC\src\main\conf\logging.properties
11-Oct-2024 23:30:30.661 INFO [main] org.apache.catalina.startup.VersionLoggerListener.log Command line argument:             -Djava.util.logging.manager=org.apache.juli.ClassLoaderLogManager
11-Oct-2024 23:30:30.662 INFO [main] org.apache.catalina.startup.VersionLoggerListener.log Command line argument:             -javaagent:C:\Program Files\JetBrains\IntelliJ IDEA 2024.1.4\lib\idea_rt.jar=49750:C:\Program Files\JetBrains\IntelliJ IDEA 2024.1.4\bin
11-Oct-2024 23:30:30.662 INFO [main] org.apache.catalina.startup.VersionLoggerListener.log Command line argument:             -Dfile.encoding=UTF-8
11-Oct-2024 23:30:30.685 INFO [main] org.apache.catalina.core.AprLifecycleListener.lifecycleEvent La biblioteca nativa de Apache Tomcat basada en ARP que permite un rendimiento óptimo en entornos de desarrollo no ha sido hallada en java.library.path: [C:\Program Files\Java\jdk-17\bin;C:\Windows\Sun\Java\bin;C:\Windows\system32;C:\Windows;C:\Python312\Scripts\;C:\Python312\;C:\Program Files\Common Files\Oracle\Java\javapath;C:\Windows\system32;C:\Windows;C:\Windows\System32\Wbem;C:\Windows\System32\WindowsPowerShell\v1.0\;C:\Windows\System32\OpenSSH\;C:\Program Files\Docker\Docker\resources\bin;C:\Program Files\Microsoft SQL Server\Client SDK\ODBC\170\Tools\Binn\;C:\Program Files (x86)\Microsoft SQL Server\150\Tools\Binn\;C:\Program Files\Microsoft SQL Server\150\Tools\Binn\;C:\Program Files\Microsoft SQL Server\150\DTS\Binn\;C:\Program Files (x86)\Microsoft SQL Server\150\DTS\Binn\;C:\Program Files\nodejs\;C:\ProgramData\chocolatey\bin;C:\Program Files\Git\cmd;C:\Program Files (x86)\Microsoft SQL Server\160\DTS\Binn\;C:\Users\willi\AppData\Local\Microsoft\WindowsApps;C:\Users\willi\AppData\Local\Programs\Microsoft VS Code\bin;C:\Program Files\JetBrains\IntelliJ IDEA 2024.1.4\bin;;C:\Program Files\JetBrains\IntelliJ IDEA Community Edition 2024.2.0.1\bin;;C:\Users\willi\AppData\Roaming\npm;.]
11-Oct-2024 23:30:31.615 INFO [main] org.apache.coyote.AbstractProtocol.init Inicializando el manejador de protocolo ["http-nio-8080"]

11-Oct-2024 23:30:31.732 INFO [main] org.apache.catalina.startup.Catalina.load Server initialization in [1810] milliseconds
11-Oct-2024 23:30:31.838 INFO [main] org.apache.catalina.core.StandardService.startInternal Arrancando servicio [Catalina]
11-Oct-2024 23:30:31.839 INFO [main] org.apache.catalina.core.StandardEngine.startInternal Starting Servlet engine: [Apache Tomcat/9.0.93]
11-Oct-2024 23:30:31.873 INFO [main] org.apache.catalina.startup.HostConfig.deployDescriptor Desplieque del descriptor de configuración [C:\Users\willi\OneDrive\Escritorio\coronel\TP1_232_GC\Alternancia2\DemoMVC\src\main\conf\Catalina\localhost\DemoMVC.xml]
11-Oct-2024 23:30:33.917 INFO [main] org.apache.jasper.servlet.TldScanner.scanJars Al menos un JAR, que se ha explorado buscando TLDs, aún no contenía TLDs. Activar historial de depuración para este historiador para una completa lista de los JARs que fueron explorados y de los que nos se halló TLDs. Saltarse JARs no necesarios durante la exploración puede dar lugar a una mejora de tiempo significativa en el arranque y compilación de JSP .
11-Oct-2024 23:30:34.187 INFO [main] org.apache.catalina.startup.HostConfig.deployDescriptor Deployment of deployment descriptor [C:\Users\willi\OneDrive\Escritorio\coronel\TP1_232_GC\Alternancia2\DemoMVC\src\main\conf\Catalina\localhost\DemoMVC.xml] has finished in [2.311] ms
11-Oct-2024 23:30:34.195 INFO [main] org.apache.coyote.AbstractProtocol.start Starting ProtocolHandler ["http-nio-8080"]
11-Oct-2024 23:30:34.313 INFO [main] org.apache.catalina.startup.Catalina.start Server startup in [2580] milliseconds
11-Oct-2024 23:34:02.408 INFO [Thread-1] org.apache.coyote.AbstractProtocol.pause Pausing ProtocolHandler ["http-nio-8080"]
11-Oct-2024 23:34:02.621 INFO [Thread-1] org.apache.catalina.core.StandardService.stopInternal Parando servicio [Catalina]
11-Oct-2024 23:34:02.646 INFO [Thread-1] org.apache.coyote.AbstractProtocol.stop Stopping ProtocolHandler ["http-nio-8080"]
11-Oct-2024 23:34:02.651 INFO [Thread-1] org.apache.coyote.AbstractProtocol.destroy Destroying ProtocolHandler ["http-nio-8080"]
11-Oct-2024 23:34:09.985 INFO [main] org.apache.catalina.startup.VersionLoggerListener.log Nombre de la versión del servidor: Apache Tomcat/9.0.93
11-Oct-2024 23:34:09.996 INFO [main] org.apache.catalina.startup.VersionLoggerListener.log Server built:                      Aug 2 2024 21:24:59 UTC
11-Oct-2024 23:34:09.997 INFO [main] org.apache.catalina.startup.VersionLoggerListener.log Número de versión de servidor:     9.0.93.0
11-Oct-2024 23:34:09.997 INFO [main] org.apache.catalina.startup.VersionLoggerListener.log OS Name:                           Windows 11
11-Oct-2024 23:34:09.998 INFO [main] org.apache.catalina.startup.VersionLoggerListener.log Versión de Systema Operativo:      10.0
11-Oct-2024 23:34:09.998 INFO [main] org.apache.catalina.startup.VersionLoggerListener.log Arquitectura:                      amd64
11-Oct-2024 23:34:09.998 INFO [main] org.apache.catalina.startup.VersionLoggerListener.log Java Home:                         C:\Program Files\Java\jdk-17
11-Oct-2024 23:34:09.998 INFO [main] org.apache.catalina.startup.VersionLoggerListener.log JVM Version:                       17.0.12+8-LTS-286
11-Oct-2024 23:34:09.999 INFO [main] org.apache.catalina.startup.VersionLoggerListener.log Vededor JVM:                       Oracle Corporation
11-Oct-2024 23:34:09.999 INFO [main] org.apache.catalina.startup.VersionLoggerListener.log CATALINA_BASE:                     C:\Users\willi\OneDrive\Escritorio\coronel\TP1_232_GC\Alternancia2\DemoMVC\src\main
11-Oct-2024 23:34:09.999 INFO [main] org.apache.catalina.startup.VersionLoggerListener.log CATALINA_HOME:                     C:\valleGrande\apache-tomcat-9.0.93
11-Oct-2024 23:34:10.023 INFO [main] org.apache.catalina.startup.VersionLoggerListener.log Command line argument:             --add-opens=java.base/java.lang=ALL-UNNAMED
11-Oct-2024 23:34:10.024 INFO [main] org.apache.catalina.startup.VersionLoggerListener.log Command line argument:             --add-opens=java.base/java.io=ALL-UNNAMED
11-Oct-2024 23:34:10.024 INFO [main] org.apache.catalina.startup.VersionLoggerListener.log Command line argument:             --add-opens=java.base/java.util=ALL-UNNAMED
11-Oct-2024 23:34:10.024 INFO [main] org.apache.catalina.startup.VersionLoggerListener.log Command line argument:             --add-opens=java.base/java.util.concurrent=ALL-UNNAMED
11-Oct-2024 23:34:10.024 INFO [main] org.apache.catalina.startup.VersionLoggerListener.log Command line argument:             --add-opens=java.rmi/sun.rmi.transport=ALL-UNNAMED
11-Oct-2024 23:34:10.024 INFO [main] org.apache.catalina.startup.VersionLoggerListener.log Command line argument:             -Dcatalina.home=C:\valleGrande\apache-tomcat-9.0.93
11-Oct-2024 23:34:10.024 INFO [main] org.apache.catalina.startup.VersionLoggerListener.log Command line argument:             -Dcatalina.base=C:\Users\willi\OneDrive\Escritorio\coronel\TP1_232_GC\Alternancia2\DemoMVC\src\main
11-Oct-2024 23:34:10.026 INFO [main] org.apache.catalina.startup.VersionLoggerListener.log Command line argument:             -Djava.io.tmpdir=C:\Users\willi\OneDrive\Escritorio\coronel\TP1_232_GC\Alternancia2\DemoMVC\src\main\temp
11-Oct-2024 23:34:10.026 INFO [main] org.apache.catalina.startup.VersionLoggerListener.log Command line argument:             -Djava.util.logging.config.file=C:\Users\willi\OneDrive\Escritorio\coronel\TP1_232_GC\Alternancia2\DemoMVC\src\main\conf\logging.properties
11-Oct-2024 23:34:10.026 INFO [main] org.apache.catalina.startup.VersionLoggerListener.log Command line argument:             -Djava.util.logging.manager=org.apache.juli.ClassLoaderLogManager
11-Oct-2024 23:34:10.026 INFO [main] org.apache.catalina.startup.VersionLoggerListener.log Command line argument:             -javaagent:C:\Program Files\JetBrains\IntelliJ IDEA 2024.1.4\lib\idea_rt.jar=49962:C:\Program Files\JetBrains\IntelliJ IDEA 2024.1.4\bin
11-Oct-2024 23:34:10.027 INFO [main] org.apache.catalina.startup.VersionLoggerListener.log Command line argument:             -Dfile.encoding=UTF-8
11-Oct-2024 23:34:10.043 INFO [main] org.apache.catalina.core.AprLifecycleListener.lifecycleEvent La biblioteca nativa de Apache Tomcat basada en ARP que permite un rendimiento óptimo en entornos de desarrollo no ha sido hallada en java.library.path: [C:\Program Files\Java\jdk-17\bin;C:\Windows\Sun\Java\bin;C:\Windows\system32;C:\Windows;C:\Python312\Scripts\;C:\Python312\;C:\Program Files\Common Files\Oracle\Java\javapath;C:\Windows\system32;C:\Windows;C:\Windows\System32\Wbem;C:\Windows\System32\WindowsPowerShell\v1.0\;C:\Windows\System32\OpenSSH\;C:\Program Files\Docker\Docker\resources\bin;C:\Program Files\Microsoft SQL Server\Client SDK\ODBC\170\Tools\Binn\;C:\Program Files (x86)\Microsoft SQL Server\150\Tools\Binn\;C:\Program Files\Microsoft SQL Server\150\Tools\Binn\;C:\Program Files\Microsoft SQL Server\150\DTS\Binn\;C:\Program Files (x86)\Microsoft SQL Server\150\DTS\Binn\;C:\Program Files\nodejs\;C:\ProgramData\chocolatey\bin;C:\Program Files\Git\cmd;C:\Program Files (x86)\Microsoft SQL Server\160\DTS\Binn\;C:\Users\willi\AppData\Local\Microsoft\WindowsApps;C:\Users\willi\AppData\Local\Programs\Microsoft VS Code\bin;C:\Program Files\JetBrains\IntelliJ IDEA 2024.1.4\bin;;C:\Program Files\JetBrains\IntelliJ IDEA Community Edition 2024.2.0.1\bin;;C:\Users\willi\AppData\Roaming\npm;.]
11-Oct-2024 23:34:10.826 INFO [main] org.apache.coyote.AbstractProtocol.init Inicializando el manejador de protocolo ["http-nio-8080"]

11-Oct-2024 23:34:10.880 INFO [main] org.apache.catalina.startup.Catalina.load Server initialization in [1489] milliseconds
11-Oct-2024 23:34:10.995 INFO [main] org.apache.catalina.core.StandardService.startInternal Arrancando servicio [Catalina]
11-Oct-2024 23:34:10.995 INFO [main] org.apache.catalina.core.StandardEngine.startInternal Starting Servlet engine: [Apache Tomcat/9.0.93]
11-Oct-2024 23:34:11.020 INFO [main] org.apache.catalina.startup.HostConfig.deployDescriptor Desplieque del descriptor de configuración [C:\Users\willi\OneDrive\Escritorio\coronel\TP1_232_GC\Alternancia2\DemoMVC\src\main\conf\Catalina\localhost\DemoMVC.xml]
11-Oct-2024 23:34:13.675 INFO [main] org.apache.jasper.servlet.TldScanner.scanJars Al menos un JAR, que se ha explorado buscando TLDs, aún no contenía TLDs. Activar historial de depuración para este historiador para una completa lista de los JARs que fueron explorados y de los que nos se halló TLDs. Saltarse JARs no necesarios durante la exploración puede dar lugar a una mejora de tiempo significativa en el arranque y compilación de JSP .
11-Oct-2024 23:34:13.924 WARNING [main] org.apache.catalina.util.SessionIdGeneratorBase.createSecureRandom Creation of SecureRandom instance for session ID generation using [SHA1PRNG] took [105] milliseconds.
11-Oct-2024 23:34:13.991 INFO [main] org.apache.catalina.startup.HostConfig.deployDescriptor Deployment of deployment descriptor [C:\Users\willi\OneDrive\Escritorio\coronel\TP1_232_GC\Alternancia2\DemoMVC\src\main\conf\Catalina\localhost\DemoMVC.xml] has finished in [2.970] ms
11-Oct-2024 23:34:14.001 INFO [main] org.apache.coyote.AbstractProtocol.start Starting ProtocolHandler ["http-nio-8080"]
11-Oct-2024 23:34:14.135 INFO [main] org.apache.catalina.startup.Catalina.start Server startup in [3254] milliseconds
11-Oct-2024 23:41:47.671 INFO [Thread-1] org.apache.coyote.AbstractProtocol.pause Pausing ProtocolHandler ["http-nio-8080"]
11-Oct-2024 23:41:47.866 INFO [Thread-1] org.apache.catalina.core.StandardService.stopInternal Parando servicio [Catalina]
11-Oct-2024 23:41:47.892 WARNING [Thread-1] org.apache.catalina.loader.WebappClassLoaderBase.clearReferencesJdbc La aplicación web [DemoMVC] registró el conductor JDBC [com.microsoft.sqlserver.jdbc.SQLServerDriver] pero falló al anular el registro mientras la aplicación web estaba parada. Para prevenir un fallo de memoria, se ha anulado el registro del conductor JDBC por la fuerza.
11-Oct-2024 23:41:47.901 INFO [Thread-1] org.apache.coyote.AbstractProtocol.stop Stopping ProtocolHandler ["http-nio-8080"]
11-Oct-2024 23:41:47.917 INFO [Thread-1] org.apache.coyote.AbstractProtocol.destroy Destroying ProtocolHandler ["http-nio-8080"]
