07-Oct-2024 17:52:49.669 SEVERE [http-nio-8080-exec-6] org.apache.catalina.core.StandardWrapperValve.invoke El Servlet.service() para el servlet [jsp] en el contexto con ruta [/DemoMVC] lanzó la excepción [No se puede compilar la clase para JSP: 

Ha tenido lugar un error en la línea: [45] en el archivo jsp: [/vistas/Listar.jsp]
Syntax error, insert ";" to complete Statement
42:         %>
43:         <tbody>
44:         <tr>
45:             <td><%product.getId()%></td>
46:             <td><%product.getNombre()%></td>
47:             <td><%product.getDescripcion()%></td>
48:             <td><%product.setPuchase_price();%></td>


Ha tenido lugar un error en la línea: [46] en el archivo jsp: [/vistas/Listar.jsp]
Syntax error, insert ";" to complete Statement
43:         <tbody>
44:         <tr>
45:             <td><%product.getId()%></td>
46:             <td><%product.getNombre()%></td>
47:             <td><%product.getDescripcion()%></td>
48:             <td><%product.setPuchase_price();%></td>
49:             <td><%product.getSales_price()%></td>


Ha tenido lugar un error en la línea: [47] en el archivo jsp: [/vistas/Listar.jsp]
Syntax error, insert ";" to complete Statement
44:         <tr>
45:             <td><%product.getId()%></td>
46:             <td><%product.getNombre()%></td>
47:             <td><%product.getDescripcion()%></td>
48:             <td><%product.setPuchase_price();%></td>
49:             <td><%product.getSales_price()%></td>
50:             <td><%product.getUnit()%></td>


Ha tenido lugar un error en la línea: [48] en el archivo jsp: [/vistas/Listar.jsp]
The method setPuchase_price(BigDecimal) in the type products is not applicable for the arguments ()
45:             <td><%product.getId()%></td>
46:             <td><%product.getNombre()%></td>
47:             <td><%product.getDescripcion()%></td>
48:             <td><%product.setPuchase_price();%></td>
49:             <td><%product.getSales_price()%></td>
50:             <td><%product.getUnit()%></td>
51:             <td>


Ha tenido lugar un error en la línea: [49] en el archivo jsp: [/vistas/Listar.jsp]
Syntax error, insert ";" to complete Statement
46:             <td><%product.getNombre()%></td>
47:             <td><%product.getDescripcion()%></td>
48:             <td><%product.setPuchase_price();%></td>
49:             <td><%product.getSales_price()%></td>
50:             <td><%product.getUnit()%></td>
51:             <td>
52:                 <a href="">Edit</a>


Ha tenido lugar un error en la línea: [50] en el archivo jsp: [/vistas/Listar.jsp]
Syntax error, insert ";" to complete Statement
47:             <td><%product.getDescripcion()%></td>
48:             <td><%product.setPuchase_price();%></td>
49:             <td><%product.getSales_price()%></td>
50:             <td><%product.getUnit()%></td>
51:             <td>
52:                 <a href="">Edit</a>
53:                 <a href="">Eliminar</a>


Stacktrace:] con causa raíz
	org.apache.jasper.JasperException: No se puede compilar la clase para JSP: 

Ha tenido lugar un error en la línea: [45] en el archivo jsp: [/vistas/Listar.jsp]
Syntax error, insert ";" to complete Statement
42:         %>
43:         <tbody>
44:         <tr>
45:             <td><%product.getId()%></td>
46:             <td><%product.getNombre()%></td>
47:             <td><%product.getDescripcion()%></td>
48:             <td><%product.setPuchase_price();%></td>


Ha tenido lugar un error en la línea: [46] en el archivo jsp: [/vistas/Listar.jsp]
Syntax error, insert ";" to complete Statement
43:         <tbody>
44:         <tr>
45:             <td><%product.getId()%></td>
46:             <td><%product.getNombre()%></td>
47:             <td><%product.getDescripcion()%></td>
48:             <td><%product.setPuchase_price();%></td>
49:             <td><%product.getSales_price()%></td>


Ha tenido lugar un error en la línea: [47] en el archivo jsp: [/vistas/Listar.jsp]
Syntax error, insert ";" to complete Statement
44:         <tr>
45:             <td><%product.getId()%></td>
46:             <td><%product.getNombre()%></td>
47:             <td><%product.getDescripcion()%></td>
48:             <td><%product.setPuchase_price();%></td>
49:             <td><%product.getSales_price()%></td>
50:             <td><%product.getUnit()%></td>


Ha tenido lugar un error en la línea: [48] en el archivo jsp: [/vistas/Listar.jsp]
The method setPuchase_price(BigDecimal) in the type products is not applicable for the arguments ()
45:             <td><%product.getId()%></td>
46:             <td><%product.getNombre()%></td>
47:             <td><%product.getDescripcion()%></td>
48:             <td><%product.setPuchase_price();%></td>
49:             <td><%product.getSales_price()%></td>
50:             <td><%product.getUnit()%></td>
51:             <td>


Ha tenido lugar un error en la línea: [49] en el archivo jsp: [/vistas/Listar.jsp]
Syntax error, insert ";" to complete Statement
46:             <td><%product.getNombre()%></td>
47:             <td><%product.getDescripcion()%></td>
48:             <td><%product.setPuchase_price();%></td>
49:             <td><%product.getSales_price()%></td>
50:             <td><%product.getUnit()%></td>
51:             <td>
52:                 <a href="">Edit</a>


Ha tenido lugar un error en la línea: [50] en el archivo jsp: [/vistas/Listar.jsp]
Syntax error, insert ";" to complete Statement
47:             <td><%product.getDescripcion()%></td>
48:             <td><%product.setPuchase_price();%></td>
49:             <td><%product.getSales_price()%></td>
50:             <td><%product.getUnit()%></td>
51:             <td>
52:                 <a href="">Edit</a>
53:                 <a href="">Eliminar</a>


Stacktrace:
		at org.apache.jasper.compiler.DefaultErrorHandler.javacError(DefaultErrorHandler.java:81)
		at org.apache.jasper.compiler.ErrorDispatcher.javacError(ErrorDispatcher.java:214)
		at org.apache.jasper.compiler.JDTCompiler.generateClass(JDTCompiler.java:561)
		at org.apache.jasper.compiler.Compiler.compile(Compiler.java:398)
		at org.apache.jasper.compiler.Compiler.compile(Compiler.java:368)
		at org.apache.jasper.compiler.Compiler.compile(Compiler.java:352)
		at org.apache.jasper.JspCompilationContext.compile(JspCompilationContext.java:603)
		at org.apache.jasper.servlet.JspServletWrapper.service(JspServletWrapper.java:399)
		at org.apache.jasper.servlet.JspServlet.serviceJspFile(JspServlet.java:376)
		at org.apache.jasper.servlet.JspServlet.service(JspServlet.java:324)
		at javax.servlet.http.HttpServlet.service(HttpServlet.java:623)
		at org.apache.catalina.core.ApplicationFilterChain.internalDoFilter(ApplicationFilterChain.java:199)
		at org.apache.catalina.core.ApplicationFilterChain.doFilter(ApplicationFilterChain.java:144)
		at org.apache.tomcat.websocket.server.WsFilter.doFilter(WsFilter.java:51)
		at org.apache.catalina.core.ApplicationFilterChain.internalDoFilter(ApplicationFilterChain.java:168)
		at org.apache.catalina.core.ApplicationFilterChain.doFilter(ApplicationFilterChain.java:144)
		at org.apache.catalina.core.StandardWrapperValve.invoke(StandardWrapperValve.java:168)
		at org.apache.catalina.core.StandardContextValve.invoke(StandardContextValve.java:90)
		at org.apache.catalina.authenticator.AuthenticatorBase.invoke(AuthenticatorBase.java:482)
		at org.apache.catalina.core.StandardHostValve.invoke(StandardHostValve.java:130)
		at org.apache.catalina.valves.ErrorReportValve.invoke(ErrorReportValve.java:93)
		at org.apache.catalina.valves.AbstractAccessLogValve.invoke(AbstractAccessLogValve.java:660)
		at org.apache.catalina.core.StandardEngineValve.invoke(StandardEngineValve.java:74)
		at org.apache.catalina.connector.CoyoteAdapter.service(CoyoteAdapter.java:346)
		at org.apache.coyote.http11.Http11Processor.service(Http11Processor.java:383)
		at org.apache.coyote.AbstractProcessorLight.process(AbstractProcessorLight.java:63)
		at org.apache.coyote.AbstractProtocol$ConnectionHandler.process(AbstractProtocol.java:936)
		at org.apache.tomcat.util.net.NioEndpoint$SocketProcessor.doRun(NioEndpoint.java:1791)
		at org.apache.tomcat.util.net.SocketProcessorBase.run(SocketProcessorBase.java:52)
		at org.apache.tomcat.util.threads.ThreadPoolExecutor.runWorker(ThreadPoolExecutor.java:1190)
		at org.apache.tomcat.util.threads.ThreadPoolExecutor$Worker.run(ThreadPoolExecutor.java:659)
		at org.apache.tomcat.util.threads.TaskThread$WrappingRunnable.run(TaskThread.java:63)
		at java.base/java.lang.Thread.run(Thread.java:842)
07-Oct-2024 17:53:49.217 SEVERE [http-nio-8080-exec-9] org.apache.catalina.core.StandardWrapperValve.invoke El Servlet.service() para el servlet [jsp] en el contexto con ruta [/DemoMVC] lanzó la excepción [No se puede compilar la clase para JSP: 

Ha tenido lugar un error en la línea: [45] en el archivo jsp: [/vistas/Listar.jsp]
Syntax error, insert ";" to complete Statement
42:         %>
43:         <tbody>
44:         <tr>
45:             <td><%product.getId()%></td>
46:             <td><%product.getNombre()%></td>
47:             <td><%product.getDescripcion()%></td>
48:             <td><%product.setPuchase_price();%></td>


Ha tenido lugar un error en la línea: [46] en el archivo jsp: [/vistas/Listar.jsp]
Syntax error, insert ";" to complete Statement
43:         <tbody>
44:         <tr>
45:             <td><%product.getId()%></td>
46:             <td><%product.getNombre()%></td>
47:             <td><%product.getDescripcion()%></td>
48:             <td><%product.setPuchase_price();%></td>
49:             <td><%product.getSales_price()%></td>


Ha tenido lugar un error en la línea: [47] en el archivo jsp: [/vistas/Listar.jsp]
Syntax error, insert ";" to complete Statement
44:         <tr>
45:             <td><%product.getId()%></td>
46:             <td><%product.getNombre()%></td>
47:             <td><%product.getDescripcion()%></td>
48:             <td><%product.setPuchase_price();%></td>
49:             <td><%product.getSales_price()%></td>
50:             <td><%product.getUnit()%></td>


Ha tenido lugar un error en la línea: [48] en el archivo jsp: [/vistas/Listar.jsp]
The method setPuchase_price(BigDecimal) in the type products is not applicable for the arguments ()
45:             <td><%product.getId()%></td>
46:             <td><%product.getNombre()%></td>
47:             <td><%product.getDescripcion()%></td>
48:             <td><%product.setPuchase_price();%></td>
49:             <td><%product.getSales_price()%></td>
50:             <td><%product.getUnit()%></td>
51:             <td>


Ha tenido lugar un error en la línea: [49] en el archivo jsp: [/vistas/Listar.jsp]
Syntax error, insert ";" to complete Statement
46:             <td><%product.getNombre()%></td>
47:             <td><%product.getDescripcion()%></td>
48:             <td><%product.setPuchase_price();%></td>
49:             <td><%product.getSales_price()%></td>
50:             <td><%product.getUnit()%></td>
51:             <td>
52:                 <a href="">Edit</a>


Ha tenido lugar un error en la línea: [50] en el archivo jsp: [/vistas/Listar.jsp]
Syntax error, insert ";" to complete Statement
47:             <td><%product.getDescripcion()%></td>
48:             <td><%product.setPuchase_price();%></td>
49:             <td><%product.getSales_price()%></td>
50:             <td><%product.getUnit()%></td>
51:             <td>
52:                 <a href="">Edit</a>
53:                 <a href="">Eliminar</a>


Stacktrace:] con causa raíz
	org.apache.jasper.JasperException: No se puede compilar la clase para JSP: 

Ha tenido lugar un error en la línea: [45] en el archivo jsp: [/vistas/Listar.jsp]
Syntax error, insert ";" to complete Statement
42:         %>
43:         <tbody>
44:         <tr>
45:             <td><%product.getId()%></td>
46:             <td><%product.getNombre()%></td>
47:             <td><%product.getDescripcion()%></td>
48:             <td><%product.setPuchase_price();%></td>


Ha tenido lugar un error en la línea: [46] en el archivo jsp: [/vistas/Listar.jsp]
Syntax error, insert ";" to complete Statement
43:         <tbody>
44:         <tr>
45:             <td><%product.getId()%></td>
46:             <td><%product.getNombre()%></td>
47:             <td><%product.getDescripcion()%></td>
48:             <td><%product.setPuchase_price();%></td>
49:             <td><%product.getSales_price()%></td>


Ha tenido lugar un error en la línea: [47] en el archivo jsp: [/vistas/Listar.jsp]
Syntax error, insert ";" to complete Statement
44:         <tr>
45:             <td><%product.getId()%></td>
46:             <td><%product.getNombre()%></td>
47:             <td><%product.getDescripcion()%></td>
48:             <td><%product.setPuchase_price();%></td>
49:             <td><%product.getSales_price()%></td>
50:             <td><%product.getUnit()%></td>


Ha tenido lugar un error en la línea: [48] en el archivo jsp: [/vistas/Listar.jsp]
The method setPuchase_price(BigDecimal) in the type products is not applicable for the arguments ()
45:             <td><%product.getId()%></td>
46:             <td><%product.getNombre()%></td>
47:             <td><%product.getDescripcion()%></td>
48:             <td><%product.setPuchase_price();%></td>
49:             <td><%product.getSales_price()%></td>
50:             <td><%product.getUnit()%></td>
51:             <td>


Ha tenido lugar un error en la línea: [49] en el archivo jsp: [/vistas/Listar.jsp]
Syntax error, insert ";" to complete Statement
46:             <td><%product.getNombre()%></td>
47:             <td><%product.getDescripcion()%></td>
48:             <td><%product.setPuchase_price();%></td>
49:             <td><%product.getSales_price()%></td>
50:             <td><%product.getUnit()%></td>
51:             <td>
52:                 <a href="">Edit</a>


Ha tenido lugar un error en la línea: [50] en el archivo jsp: [/vistas/Listar.jsp]
Syntax error, insert ";" to complete Statement
47:             <td><%product.getDescripcion()%></td>
48:             <td><%product.setPuchase_price();%></td>
49:             <td><%product.getSales_price()%></td>
50:             <td><%product.getUnit()%></td>
51:             <td>
52:                 <a href="">Edit</a>
53:                 <a href="">Eliminar</a>


Stacktrace:
		at org.apache.jasper.compiler.DefaultErrorHandler.javacError(DefaultErrorHandler.java:81)
		at org.apache.jasper.compiler.ErrorDispatcher.javacError(ErrorDispatcher.java:214)
		at org.apache.jasper.compiler.JDTCompiler.generateClass(JDTCompiler.java:561)
		at org.apache.jasper.compiler.Compiler.compile(Compiler.java:398)
		at org.apache.jasper.compiler.Compiler.compile(Compiler.java:368)
		at org.apache.jasper.compiler.Compiler.compile(Compiler.java:352)
		at org.apache.jasper.JspCompilationContext.compile(JspCompilationContext.java:603)
		at org.apache.jasper.servlet.JspServletWrapper.service(JspServletWrapper.java:399)
		at org.apache.jasper.servlet.JspServlet.serviceJspFile(JspServlet.java:376)
		at org.apache.jasper.servlet.JspServlet.service(JspServlet.java:324)
		at javax.servlet.http.HttpServlet.service(HttpServlet.java:623)
		at org.apache.catalina.core.ApplicationFilterChain.internalDoFilter(ApplicationFilterChain.java:199)
		at org.apache.catalina.core.ApplicationFilterChain.doFilter(ApplicationFilterChain.java:144)
		at org.apache.tomcat.websocket.server.WsFilter.doFilter(WsFilter.java:51)
		at org.apache.catalina.core.ApplicationFilterChain.internalDoFilter(ApplicationFilterChain.java:168)
		at org.apache.catalina.core.ApplicationFilterChain.doFilter(ApplicationFilterChain.java:144)
		at org.apache.catalina.core.StandardWrapperValve.invoke(StandardWrapperValve.java:168)
		at org.apache.catalina.core.StandardContextValve.invoke(StandardContextValve.java:90)
		at org.apache.catalina.authenticator.AuthenticatorBase.invoke(AuthenticatorBase.java:482)
		at org.apache.catalina.core.StandardHostValve.invoke(StandardHostValve.java:130)
		at org.apache.catalina.valves.ErrorReportValve.invoke(ErrorReportValve.java:93)
		at org.apache.catalina.valves.AbstractAccessLogValve.invoke(AbstractAccessLogValve.java:660)
		at org.apache.catalina.core.StandardEngineValve.invoke(StandardEngineValve.java:74)
		at org.apache.catalina.connector.CoyoteAdapter.service(CoyoteAdapter.java:346)
		at org.apache.coyote.http11.Http11Processor.service(Http11Processor.java:383)
		at org.apache.coyote.AbstractProcessorLight.process(AbstractProcessorLight.java:63)
		at org.apache.coyote.AbstractProtocol$ConnectionHandler.process(AbstractProtocol.java:936)
		at org.apache.tomcat.util.net.NioEndpoint$SocketProcessor.doRun(NioEndpoint.java:1791)
		at org.apache.tomcat.util.net.SocketProcessorBase.run(SocketProcessorBase.java:52)
		at org.apache.tomcat.util.threads.ThreadPoolExecutor.runWorker(ThreadPoolExecutor.java:1190)
		at org.apache.tomcat.util.threads.ThreadPoolExecutor$Worker.run(ThreadPoolExecutor.java:659)
		at org.apache.tomcat.util.threads.TaskThread$WrappingRunnable.run(TaskThread.java:63)
		at java.base/java.lang.Thread.run(Thread.java:842)
07-Oct-2024 17:53:50.387 SEVERE [http-nio-8080-exec-8] org.apache.catalina.core.StandardWrapperValve.invoke El Servlet.service() para el servlet [jsp] en el contexto con ruta [/DemoMVC] lanzó la excepción [org.apache.jasper.JasperException: java.lang.ClassNotFoundException: org.apache.jsp.vistas.Listar_jsp] con causa raíz
	java.lang.ClassNotFoundException: org.apache.jsp.vistas.Listar_jsp
		at java.base/java.net.URLClassLoader.findClass(URLClassLoader.java:445)
		at org.apache.jasper.servlet.JasperLoader.loadClass(JasperLoader.java:129)
		at org.apache.jasper.servlet.JasperLoader.loadClass(JasperLoader.java:58)
		at org.apache.catalina.core.DefaultInstanceManager.newInstance(DefaultInstanceManager.java:150)
		at org.apache.jasper.servlet.JspServletWrapper.getServlet(JspServletWrapper.java:192)
		at org.apache.jasper.servlet.JspServletWrapper.service(JspServletWrapper.java:413)
		at org.apache.jasper.servlet.JspServlet.serviceJspFile(JspServlet.java:376)
		at org.apache.jasper.servlet.JspServlet.service(JspServlet.java:324)
		at javax.servlet.http.HttpServlet.service(HttpServlet.java:623)
		at org.apache.catalina.core.ApplicationFilterChain.internalDoFilter(ApplicationFilterChain.java:199)
		at org.apache.catalina.core.ApplicationFilterChain.doFilter(ApplicationFilterChain.java:144)
		at org.apache.tomcat.websocket.server.WsFilter.doFilter(WsFilter.java:51)
		at org.apache.catalina.core.ApplicationFilterChain.internalDoFilter(ApplicationFilterChain.java:168)
		at org.apache.catalina.core.ApplicationFilterChain.doFilter(ApplicationFilterChain.java:144)
		at org.apache.catalina.core.StandardWrapperValve.invoke(StandardWrapperValve.java:168)
		at org.apache.catalina.core.StandardContextValve.invoke(StandardContextValve.java:90)
		at org.apache.catalina.authenticator.AuthenticatorBase.invoke(AuthenticatorBase.java:482)
		at org.apache.catalina.core.StandardHostValve.invoke(StandardHostValve.java:130)
		at org.apache.catalina.valves.ErrorReportValve.invoke(ErrorReportValve.java:93)
		at org.apache.catalina.valves.AbstractAccessLogValve.invoke(AbstractAccessLogValve.java:660)
		at org.apache.catalina.core.StandardEngineValve.invoke(StandardEngineValve.java:74)
		at org.apache.catalina.connector.CoyoteAdapter.service(CoyoteAdapter.java:346)
		at org.apache.coyote.http11.Http11Processor.service(Http11Processor.java:383)
		at org.apache.coyote.AbstractProcessorLight.process(AbstractProcessorLight.java:63)
		at org.apache.coyote.AbstractProtocol$ConnectionHandler.process(AbstractProtocol.java:936)
		at org.apache.tomcat.util.net.NioEndpoint$SocketProcessor.doRun(NioEndpoint.java:1791)
		at org.apache.tomcat.util.net.SocketProcessorBase.run(SocketProcessorBase.java:52)
		at org.apache.tomcat.util.threads.ThreadPoolExecutor.runWorker(ThreadPoolExecutor.java:1190)
		at org.apache.tomcat.util.threads.ThreadPoolExecutor$Worker.run(ThreadPoolExecutor.java:659)
		at org.apache.tomcat.util.threads.TaskThread$WrappingRunnable.run(TaskThread.java:63)
		at java.base/java.lang.Thread.run(Thread.java:842)
07-Oct-2024 17:54:38.603 SEVERE [http-nio-8080-exec-1] org.apache.catalina.core.StandardWrapperValve.invoke El Servlet.service() para el servlet [jsp] en el contexto con ruta [/DemoMVC] lanzó la excepción [No se puede compilar la clase para JSP: 

Ha tenido lugar un error en la línea: [45] en el archivo jsp: [/vistas/Listar.jsp]
Syntax error, insert ";" to complete Statement
42:         %>
43:         <tbody>
44:         <tr>
45:             <td><%product.getId()%></td>
46:             <td><%product.getNombre()%></td>
47:             <td><%product.getDescripcion()%></td>
48:             <td><%product.getPuchase_price();%></td>


Ha tenido lugar un error en la línea: [46] en el archivo jsp: [/vistas/Listar.jsp]
Syntax error, insert ";" to complete Statement
43:         <tbody>
44:         <tr>
45:             <td><%product.getId()%></td>
46:             <td><%product.getNombre()%></td>
47:             <td><%product.getDescripcion()%></td>
48:             <td><%product.getPuchase_price();%></td>
49:             <td><%product.getSales_price()%></td>


Ha tenido lugar un error en la línea: [47] en el archivo jsp: [/vistas/Listar.jsp]
Syntax error, insert ";" to complete Statement
44:         <tr>
45:             <td><%product.getId()%></td>
46:             <td><%product.getNombre()%></td>
47:             <td><%product.getDescripcion()%></td>
48:             <td><%product.getPuchase_price();%></td>
49:             <td><%product.getSales_price()%></td>
50:             <td><%product.getUnit()%></td>


Ha tenido lugar un error en la línea: [49] en el archivo jsp: [/vistas/Listar.jsp]
Syntax error, insert ";" to complete Statement
46:             <td><%product.getNombre()%></td>
47:             <td><%product.getDescripcion()%></td>
48:             <td><%product.getPuchase_price();%></td>
49:             <td><%product.getSales_price()%></td>
50:             <td><%product.getUnit()%></td>
51:             <td>
52:                 <a href="">Edit</a>


Ha tenido lugar un error en la línea: [50] en el archivo jsp: [/vistas/Listar.jsp]
Syntax error, insert ";" to complete Statement
47:             <td><%product.getDescripcion()%></td>
48:             <td><%product.getPuchase_price();%></td>
49:             <td><%product.getSales_price()%></td>
50:             <td><%product.getUnit()%></td>
51:             <td>
52:                 <a href="">Edit</a>
53:                 <a href="">Eliminar</a>


Stacktrace:] con causa raíz
	org.apache.jasper.JasperException: No se puede compilar la clase para JSP: 

Ha tenido lugar un error en la línea: [45] en el archivo jsp: [/vistas/Listar.jsp]
Syntax error, insert ";" to complete Statement
42:         %>
43:         <tbody>
44:         <tr>
45:             <td><%product.getId()%></td>
46:             <td><%product.getNombre()%></td>
47:             <td><%product.getDescripcion()%></td>
48:             <td><%product.getPuchase_price();%></td>


Ha tenido lugar un error en la línea: [46] en el archivo jsp: [/vistas/Listar.jsp]
Syntax error, insert ";" to complete Statement
43:         <tbody>
44:         <tr>
45:             <td><%product.getId()%></td>
46:             <td><%product.getNombre()%></td>
47:             <td><%product.getDescripcion()%></td>
48:             <td><%product.getPuchase_price();%></td>
49:             <td><%product.getSales_price()%></td>


Ha tenido lugar un error en la línea: [47] en el archivo jsp: [/vistas/Listar.jsp]
Syntax error, insert ";" to complete Statement
44:         <tr>
45:             <td><%product.getId()%></td>
46:             <td><%product.getNombre()%></td>
47:             <td><%product.getDescripcion()%></td>
48:             <td><%product.getPuchase_price();%></td>
49:             <td><%product.getSales_price()%></td>
50:             <td><%product.getUnit()%></td>


Ha tenido lugar un error en la línea: [49] en el archivo jsp: [/vistas/Listar.jsp]
Syntax error, insert ";" to complete Statement
46:             <td><%product.getNombre()%></td>
47:             <td><%product.getDescripcion()%></td>
48:             <td><%product.getPuchase_price();%></td>
49:             <td><%product.getSales_price()%></td>
50:             <td><%product.getUnit()%></td>
51:             <td>
52:                 <a href="">Edit</a>


Ha tenido lugar un error en la línea: [50] en el archivo jsp: [/vistas/Listar.jsp]
Syntax error, insert ";" to complete Statement
47:             <td><%product.getDescripcion()%></td>
48:             <td><%product.getPuchase_price();%></td>
49:             <td><%product.getSales_price()%></td>
50:             <td><%product.getUnit()%></td>
51:             <td>
52:                 <a href="">Edit</a>
53:                 <a href="">Eliminar</a>


Stacktrace:
		at org.apache.jasper.compiler.DefaultErrorHandler.javacError(DefaultErrorHandler.java:81)
		at org.apache.jasper.compiler.ErrorDispatcher.javacError(ErrorDispatcher.java:214)
		at org.apache.jasper.compiler.JDTCompiler.generateClass(JDTCompiler.java:561)
		at org.apache.jasper.compiler.Compiler.compile(Compiler.java:398)
		at org.apache.jasper.compiler.Compiler.compile(Compiler.java:368)
		at org.apache.jasper.compiler.Compiler.compile(Compiler.java:352)
		at org.apache.jasper.JspCompilationContext.compile(JspCompilationContext.java:603)
		at org.apache.jasper.servlet.JspServletWrapper.service(JspServletWrapper.java:399)
		at org.apache.jasper.servlet.JspServlet.serviceJspFile(JspServlet.java:376)
		at org.apache.jasper.servlet.JspServlet.service(JspServlet.java:324)
		at javax.servlet.http.HttpServlet.service(HttpServlet.java:623)
		at org.apache.catalina.core.ApplicationFilterChain.internalDoFilter(ApplicationFilterChain.java:199)
		at org.apache.catalina.core.ApplicationFilterChain.doFilter(ApplicationFilterChain.java:144)
		at org.apache.tomcat.websocket.server.WsFilter.doFilter(WsFilter.java:51)
		at org.apache.catalina.core.ApplicationFilterChain.internalDoFilter(ApplicationFilterChain.java:168)
		at org.apache.catalina.core.ApplicationFilterChain.doFilter(ApplicationFilterChain.java:144)
		at org.apache.catalina.core.StandardWrapperValve.invoke(StandardWrapperValve.java:168)
		at org.apache.catalina.core.StandardContextValve.invoke(StandardContextValve.java:90)
		at org.apache.catalina.authenticator.AuthenticatorBase.invoke(AuthenticatorBase.java:482)
		at org.apache.catalina.core.StandardHostValve.invoke(StandardHostValve.java:130)
		at org.apache.catalina.valves.ErrorReportValve.invoke(ErrorReportValve.java:93)
		at org.apache.catalina.valves.AbstractAccessLogValve.invoke(AbstractAccessLogValve.java:660)
		at org.apache.catalina.core.StandardEngineValve.invoke(StandardEngineValve.java:74)
		at org.apache.catalina.connector.CoyoteAdapter.service(CoyoteAdapter.java:346)
		at org.apache.coyote.http11.Http11Processor.service(Http11Processor.java:383)
		at org.apache.coyote.AbstractProcessorLight.process(AbstractProcessorLight.java:63)
		at org.apache.coyote.AbstractProtocol$ConnectionHandler.process(AbstractProtocol.java:936)
		at org.apache.tomcat.util.net.NioEndpoint$SocketProcessor.doRun(NioEndpoint.java:1791)
		at org.apache.tomcat.util.net.SocketProcessorBase.run(SocketProcessorBase.java:52)
		at org.apache.tomcat.util.threads.ThreadPoolExecutor.runWorker(ThreadPoolExecutor.java:1190)
		at org.apache.tomcat.util.threads.ThreadPoolExecutor$Worker.run(ThreadPoolExecutor.java:659)
		at org.apache.tomcat.util.threads.TaskThread$WrappingRunnable.run(TaskThread.java:63)
		at java.base/java.lang.Thread.run(Thread.java:842)
07-Oct-2024 17:55:05.025 SEVERE [http-nio-8080-exec-3] org.apache.catalina.core.StandardWrapperValve.invoke El Servlet.service() para el servlet [jsp] en el contexto con ruta [/DemoMVC] lanzó la excepción [No se puede compilar la clase para JSP: 

Ha tenido lugar un error en la línea: [45] en el archivo jsp: [/vistas/Listar.jsp]
Syntax error, insert ";" to complete Statement
42:         %>
43:         <tbody>
44:         <tr>
45:             <td><%product.getId()%></td>
46:             <td><%product.getNombre()%></td>
47:             <td><%product.getDescripcion()%></td>
48:             <td><%product.getPuchase_price()%></td>


Ha tenido lugar un error en la línea: [46] en el archivo jsp: [/vistas/Listar.jsp]
Syntax error, insert ";" to complete Statement
43:         <tbody>
44:         <tr>
45:             <td><%product.getId()%></td>
46:             <td><%product.getNombre()%></td>
47:             <td><%product.getDescripcion()%></td>
48:             <td><%product.getPuchase_price()%></td>
49:             <td><%product.getSales_price()%></td>


Ha tenido lugar un error en la línea: [47] en el archivo jsp: [/vistas/Listar.jsp]
Syntax error, insert ";" to complete Statement
44:         <tr>
45:             <td><%product.getId()%></td>
46:             <td><%product.getNombre()%></td>
47:             <td><%product.getDescripcion()%></td>
48:             <td><%product.getPuchase_price()%></td>
49:             <td><%product.getSales_price()%></td>
50:             <td><%product.getUnit()%></td>


Ha tenido lugar un error en la línea: [48] en el archivo jsp: [/vistas/Listar.jsp]
Syntax error, insert ";" to complete Statement
45:             <td><%product.getId()%></td>
46:             <td><%product.getNombre()%></td>
47:             <td><%product.getDescripcion()%></td>
48:             <td><%product.getPuchase_price()%></td>
49:             <td><%product.getSales_price()%></td>
50:             <td><%product.getUnit()%></td>
51:             <td>


Ha tenido lugar un error en la línea: [49] en el archivo jsp: [/vistas/Listar.jsp]
Syntax error, insert ";" to complete Statement
46:             <td><%product.getNombre()%></td>
47:             <td><%product.getDescripcion()%></td>
48:             <td><%product.getPuchase_price()%></td>
49:             <td><%product.getSales_price()%></td>
50:             <td><%product.getUnit()%></td>
51:             <td>
52:                 <a href="">Edit</a>


Ha tenido lugar un error en la línea: [50] en el archivo jsp: [/vistas/Listar.jsp]
Syntax error, insert ";" to complete Statement
47:             <td><%product.getDescripcion()%></td>
48:             <td><%product.getPuchase_price()%></td>
49:             <td><%product.getSales_price()%></td>
50:             <td><%product.getUnit()%></td>
51:             <td>
52:                 <a href="">Edit</a>
53:                 <a href="">Eliminar</a>


Stacktrace:] con causa raíz
	org.apache.jasper.JasperException: No se puede compilar la clase para JSP: 

Ha tenido lugar un error en la línea: [45] en el archivo jsp: [/vistas/Listar.jsp]
Syntax error, insert ";" to complete Statement
42:         %>
43:         <tbody>
44:         <tr>
45:             <td><%product.getId()%></td>
46:             <td><%product.getNombre()%></td>
47:             <td><%product.getDescripcion()%></td>
48:             <td><%product.getPuchase_price()%></td>


Ha tenido lugar un error en la línea: [46] en el archivo jsp: [/vistas/Listar.jsp]
Syntax error, insert ";" to complete Statement
43:         <tbody>
44:         <tr>
45:             <td><%product.getId()%></td>
46:             <td><%product.getNombre()%></td>
47:             <td><%product.getDescripcion()%></td>
48:             <td><%product.getPuchase_price()%></td>
49:             <td><%product.getSales_price()%></td>


Ha tenido lugar un error en la línea: [47] en el archivo jsp: [/vistas/Listar.jsp]
Syntax error, insert ";" to complete Statement
44:         <tr>
45:             <td><%product.getId()%></td>
46:             <td><%product.getNombre()%></td>
47:             <td><%product.getDescripcion()%></td>
48:             <td><%product.getPuchase_price()%></td>
49:             <td><%product.getSales_price()%></td>
50:             <td><%product.getUnit()%></td>


Ha tenido lugar un error en la línea: [48] en el archivo jsp: [/vistas/Listar.jsp]
Syntax error, insert ";" to complete Statement
45:             <td><%product.getId()%></td>
46:             <td><%product.getNombre()%></td>
47:             <td><%product.getDescripcion()%></td>
48:             <td><%product.getPuchase_price()%></td>
49:             <td><%product.getSales_price()%></td>
50:             <td><%product.getUnit()%></td>
51:             <td>


Ha tenido lugar un error en la línea: [49] en el archivo jsp: [/vistas/Listar.jsp]
Syntax error, insert ";" to complete Statement
46:             <td><%product.getNombre()%></td>
47:             <td><%product.getDescripcion()%></td>
48:             <td><%product.getPuchase_price()%></td>
49:             <td><%product.getSales_price()%></td>
50:             <td><%product.getUnit()%></td>
51:             <td>
52:                 <a href="">Edit</a>


Ha tenido lugar un error en la línea: [50] en el archivo jsp: [/vistas/Listar.jsp]
Syntax error, insert ";" to complete Statement
47:             <td><%product.getDescripcion()%></td>
48:             <td><%product.getPuchase_price()%></td>
49:             <td><%product.getSales_price()%></td>
50:             <td><%product.getUnit()%></td>
51:             <td>
52:                 <a href="">Edit</a>
53:                 <a href="">Eliminar</a>


Stacktrace:
		at org.apache.jasper.compiler.DefaultErrorHandler.javacError(DefaultErrorHandler.java:81)
		at org.apache.jasper.compiler.ErrorDispatcher.javacError(ErrorDispatcher.java:214)
		at org.apache.jasper.compiler.JDTCompiler.generateClass(JDTCompiler.java:561)
		at org.apache.jasper.compiler.Compiler.compile(Compiler.java:398)
		at org.apache.jasper.compiler.Compiler.compile(Compiler.java:368)
		at org.apache.jasper.compiler.Compiler.compile(Compiler.java:352)
		at org.apache.jasper.JspCompilationContext.compile(JspCompilationContext.java:603)
		at org.apache.jasper.servlet.JspServletWrapper.service(JspServletWrapper.java:399)
		at org.apache.jasper.servlet.JspServlet.serviceJspFile(JspServlet.java:376)
		at org.apache.jasper.servlet.JspServlet.service(JspServlet.java:324)
		at javax.servlet.http.HttpServlet.service(HttpServlet.java:623)
		at org.apache.catalina.core.ApplicationFilterChain.internalDoFilter(ApplicationFilterChain.java:199)
		at org.apache.catalina.core.ApplicationFilterChain.doFilter(ApplicationFilterChain.java:144)
		at org.apache.tomcat.websocket.server.WsFilter.doFilter(WsFilter.java:51)
		at org.apache.catalina.core.ApplicationFilterChain.internalDoFilter(ApplicationFilterChain.java:168)
		at org.apache.catalina.core.ApplicationFilterChain.doFilter(ApplicationFilterChain.java:144)
		at org.apache.catalina.core.StandardWrapperValve.invoke(StandardWrapperValve.java:168)
		at org.apache.catalina.core.StandardContextValve.invoke(StandardContextValve.java:90)
		at org.apache.catalina.authenticator.AuthenticatorBase.invoke(AuthenticatorBase.java:482)
		at org.apache.catalina.core.StandardHostValve.invoke(StandardHostValve.java:130)
		at org.apache.catalina.valves.ErrorReportValve.invoke(ErrorReportValve.java:93)
		at org.apache.catalina.valves.AbstractAccessLogValve.invoke(AbstractAccessLogValve.java:660)
		at org.apache.catalina.core.StandardEngineValve.invoke(StandardEngineValve.java:74)
		at org.apache.catalina.connector.CoyoteAdapter.service(CoyoteAdapter.java:346)
		at org.apache.coyote.http11.Http11Processor.service(Http11Processor.java:383)
		at org.apache.coyote.AbstractProcessorLight.process(AbstractProcessorLight.java:63)
		at org.apache.coyote.AbstractProtocol$ConnectionHandler.process(AbstractProtocol.java:936)
		at org.apache.tomcat.util.net.NioEndpoint$SocketProcessor.doRun(NioEndpoint.java:1791)
		at org.apache.tomcat.util.net.SocketProcessorBase.run(SocketProcessorBase.java:52)
		at org.apache.tomcat.util.threads.ThreadPoolExecutor.runWorker(ThreadPoolExecutor.java:1190)
		at org.apache.tomcat.util.threads.ThreadPoolExecutor$Worker.run(ThreadPoolExecutor.java:659)
		at org.apache.tomcat.util.threads.TaskThread$WrappingRunnable.run(TaskThread.java:63)
		at java.base/java.lang.Thread.run(Thread.java:842)
07-Oct-2024 17:55:06.579 SEVERE [http-nio-8080-exec-4] org.apache.catalina.core.StandardWrapperValve.invoke El Servlet.service() para el servlet [jsp] en el contexto con ruta [/DemoMVC] lanzó la excepción [org.apache.jasper.JasperException: java.lang.ClassNotFoundException: org.apache.jsp.vistas.Listar_jsp] con causa raíz
	java.lang.ClassNotFoundException: org.apache.jsp.vistas.Listar_jsp
		at java.base/java.net.URLClassLoader.findClass(URLClassLoader.java:445)
		at org.apache.jasper.servlet.JasperLoader.loadClass(JasperLoader.java:129)
		at org.apache.jasper.servlet.JasperLoader.loadClass(JasperLoader.java:58)
		at org.apache.catalina.core.DefaultInstanceManager.newInstance(DefaultInstanceManager.java:150)
		at org.apache.jasper.servlet.JspServletWrapper.getServlet(JspServletWrapper.java:192)
		at org.apache.jasper.servlet.JspServletWrapper.service(JspServletWrapper.java:413)
		at org.apache.jasper.servlet.JspServlet.serviceJspFile(JspServlet.java:376)
		at org.apache.jasper.servlet.JspServlet.service(JspServlet.java:324)
		at javax.servlet.http.HttpServlet.service(HttpServlet.java:623)
		at org.apache.catalina.core.ApplicationFilterChain.internalDoFilter(ApplicationFilterChain.java:199)
		at org.apache.catalina.core.ApplicationFilterChain.doFilter(ApplicationFilterChain.java:144)
		at org.apache.tomcat.websocket.server.WsFilter.doFilter(WsFilter.java:51)
		at org.apache.catalina.core.ApplicationFilterChain.internalDoFilter(ApplicationFilterChain.java:168)
		at org.apache.catalina.core.ApplicationFilterChain.doFilter(ApplicationFilterChain.java:144)
		at org.apache.catalina.core.StandardWrapperValve.invoke(StandardWrapperValve.java:168)
		at org.apache.catalina.core.StandardContextValve.invoke(StandardContextValve.java:90)
		at org.apache.catalina.authenticator.AuthenticatorBase.invoke(AuthenticatorBase.java:482)
		at org.apache.catalina.core.StandardHostValve.invoke(StandardHostValve.java:130)
		at org.apache.catalina.valves.ErrorReportValve.invoke(ErrorReportValve.java:93)
		at org.apache.catalina.valves.AbstractAccessLogValve.invoke(AbstractAccessLogValve.java:660)
		at org.apache.catalina.core.StandardEngineValve.invoke(StandardEngineValve.java:74)
		at org.apache.catalina.connector.CoyoteAdapter.service(CoyoteAdapter.java:346)
		at org.apache.coyote.http11.Http11Processor.service(Http11Processor.java:383)
		at org.apache.coyote.AbstractProcessorLight.process(AbstractProcessorLight.java:63)
		at org.apache.coyote.AbstractProtocol$ConnectionHandler.process(AbstractProtocol.java:936)
		at org.apache.tomcat.util.net.NioEndpoint$SocketProcessor.doRun(NioEndpoint.java:1791)
		at org.apache.tomcat.util.net.SocketProcessorBase.run(SocketProcessorBase.java:52)
		at org.apache.tomcat.util.threads.ThreadPoolExecutor.runWorker(ThreadPoolExecutor.java:1190)
		at org.apache.tomcat.util.threads.ThreadPoolExecutor$Worker.run(ThreadPoolExecutor.java:659)
		at org.apache.tomcat.util.threads.TaskThread$WrappingRunnable.run(TaskThread.java:63)
		at java.base/java.lang.Thread.run(Thread.java:842)
07-Oct-2024 17:57:06.696 SEVERE [http-nio-8080-exec-7] org.apache.catalina.core.StandardWrapperValve.invoke El Servlet.service() para el servlet [jsp] en el contexto con ruta [/DemoMVC] lanzó la excepción [No se puede compilar la clase para JSP: 

Ha tenido lugar un error en la línea: [45] en el archivo jsp: [/vistas/Listar.jsp]
The method print(boolean) in the type JspWriter is not applicable for the arguments ()
42:         %>
43:         <tbody>
44:         <tr>
45:             <td><%=%>product.getId()%></td>
46:             <td><%=%>product.getNombre()%></td>
47:             <td><%=%>product.getDescripcion()%></td>
48:             <td><%=%>product.getPuchase_price()%></td>


Ha tenido lugar un error en la línea: [46] en el archivo jsp: [/vistas/Listar.jsp]
The method print(boolean) in the type JspWriter is not applicable for the arguments ()
43:         <tbody>
44:         <tr>
45:             <td><%=%>product.getId()%></td>
46:             <td><%=%>product.getNombre()%></td>
47:             <td><%=%>product.getDescripcion()%></td>
48:             <td><%=%>product.getPuchase_price()%></td>
49:             <td><%=%>product.getSales_price()%></td>


Ha tenido lugar un error en la línea: [47] en el archivo jsp: [/vistas/Listar.jsp]
The method print(boolean) in the type JspWriter is not applicable for the arguments ()
44:         <tr>
45:             <td><%=%>product.getId()%></td>
46:             <td><%=%>product.getNombre()%></td>
47:             <td><%=%>product.getDescripcion()%></td>
48:             <td><%=%>product.getPuchase_price()%></td>
49:             <td><%=%>product.getSales_price()%></td>
50:             <td><%=%>product.getUnit()%></td>


Ha tenido lugar un error en la línea: [48] en el archivo jsp: [/vistas/Listar.jsp]
The method print(boolean) in the type JspWriter is not applicable for the arguments ()
45:             <td><%=%>product.getId()%></td>
46:             <td><%=%>product.getNombre()%></td>
47:             <td><%=%>product.getDescripcion()%></td>
48:             <td><%=%>product.getPuchase_price()%></td>
49:             <td><%=%>product.getSales_price()%></td>
50:             <td><%=%>product.getUnit()%></td>
51:             <td>


Ha tenido lugar un error en la línea: [49] en el archivo jsp: [/vistas/Listar.jsp]
The method print(boolean) in the type JspWriter is not applicable for the arguments ()
46:             <td><%=%>product.getNombre()%></td>
47:             <td><%=%>product.getDescripcion()%></td>
48:             <td><%=%>product.getPuchase_price()%></td>
49:             <td><%=%>product.getSales_price()%></td>
50:             <td><%=%>product.getUnit()%></td>
51:             <td>
52:                 <a href="">Edit</a>


Ha tenido lugar un error en la línea: [50] en el archivo jsp: [/vistas/Listar.jsp]
The method print(boolean) in the type JspWriter is not applicable for the arguments ()
47:             <td><%=%>product.getDescripcion()%></td>
48:             <td><%=%>product.getPuchase_price()%></td>
49:             <td><%=%>product.getSales_price()%></td>
50:             <td><%=%>product.getUnit()%></td>
51:             <td>
52:                 <a href="">Edit</a>
53:                 <a href="">Eliminar</a>


Stacktrace:] con causa raíz
	org.apache.jasper.JasperException: No se puede compilar la clase para JSP: 

Ha tenido lugar un error en la línea: [45] en el archivo jsp: [/vistas/Listar.jsp]
The method print(boolean) in the type JspWriter is not applicable for the arguments ()
42:         %>
43:         <tbody>
44:         <tr>
45:             <td><%=%>product.getId()%></td>
46:             <td><%=%>product.getNombre()%></td>
47:             <td><%=%>product.getDescripcion()%></td>
48:             <td><%=%>product.getPuchase_price()%></td>


Ha tenido lugar un error en la línea: [46] en el archivo jsp: [/vistas/Listar.jsp]
The method print(boolean) in the type JspWriter is not applicable for the arguments ()
43:         <tbody>
44:         <tr>
45:             <td><%=%>product.getId()%></td>
46:             <td><%=%>product.getNombre()%></td>
47:             <td><%=%>product.getDescripcion()%></td>
48:             <td><%=%>product.getPuchase_price()%></td>
49:             <td><%=%>product.getSales_price()%></td>


Ha tenido lugar un error en la línea: [47] en el archivo jsp: [/vistas/Listar.jsp]
The method print(boolean) in the type JspWriter is not applicable for the arguments ()
44:         <tr>
45:             <td><%=%>product.getId()%></td>
46:             <td><%=%>product.getNombre()%></td>
47:             <td><%=%>product.getDescripcion()%></td>
48:             <td><%=%>product.getPuchase_price()%></td>
49:             <td><%=%>product.getSales_price()%></td>
50:             <td><%=%>product.getUnit()%></td>


Ha tenido lugar un error en la línea: [48] en el archivo jsp: [/vistas/Listar.jsp]
The method print(boolean) in the type JspWriter is not applicable for the arguments ()
45:             <td><%=%>product.getId()%></td>
46:             <td><%=%>product.getNombre()%></td>
47:             <td><%=%>product.getDescripcion()%></td>
48:             <td><%=%>product.getPuchase_price()%></td>
49:             <td><%=%>product.getSales_price()%></td>
50:             <td><%=%>product.getUnit()%></td>
51:             <td>


Ha tenido lugar un error en la línea: [49] en el archivo jsp: [/vistas/Listar.jsp]
The method print(boolean) in the type JspWriter is not applicable for the arguments ()
46:             <td><%=%>product.getNombre()%></td>
47:             <td><%=%>product.getDescripcion()%></td>
48:             <td><%=%>product.getPuchase_price()%></td>
49:             <td><%=%>product.getSales_price()%></td>
50:             <td><%=%>product.getUnit()%></td>
51:             <td>
52:                 <a href="">Edit</a>


Ha tenido lugar un error en la línea: [50] en el archivo jsp: [/vistas/Listar.jsp]
The method print(boolean) in the type JspWriter is not applicable for the arguments ()
47:             <td><%=%>product.getDescripcion()%></td>
48:             <td><%=%>product.getPuchase_price()%></td>
49:             <td><%=%>product.getSales_price()%></td>
50:             <td><%=%>product.getUnit()%></td>
51:             <td>
52:                 <a href="">Edit</a>
53:                 <a href="">Eliminar</a>


Stacktrace:
		at org.apache.jasper.compiler.DefaultErrorHandler.javacError(DefaultErrorHandler.java:81)
		at org.apache.jasper.compiler.ErrorDispatcher.javacError(ErrorDispatcher.java:214)
		at org.apache.jasper.compiler.JDTCompiler.generateClass(JDTCompiler.java:561)
		at org.apache.jasper.compiler.Compiler.compile(Compiler.java:398)
		at org.apache.jasper.compiler.Compiler.compile(Compiler.java:368)
		at org.apache.jasper.compiler.Compiler.compile(Compiler.java:352)
		at org.apache.jasper.JspCompilationContext.compile(JspCompilationContext.java:603)
		at org.apache.jasper.servlet.JspServletWrapper.service(JspServletWrapper.java:399)
		at org.apache.jasper.servlet.JspServlet.serviceJspFile(JspServlet.java:376)
		at org.apache.jasper.servlet.JspServlet.service(JspServlet.java:324)
		at javax.servlet.http.HttpServlet.service(HttpServlet.java:623)
		at org.apache.catalina.core.ApplicationFilterChain.internalDoFilter(ApplicationFilterChain.java:199)
		at org.apache.catalina.core.ApplicationFilterChain.doFilter(ApplicationFilterChain.java:144)
		at org.apache.tomcat.websocket.server.WsFilter.doFilter(WsFilter.java:51)
		at org.apache.catalina.core.ApplicationFilterChain.internalDoFilter(ApplicationFilterChain.java:168)
		at org.apache.catalina.core.ApplicationFilterChain.doFilter(ApplicationFilterChain.java:144)
		at org.apache.catalina.core.StandardWrapperValve.invoke(StandardWrapperValve.java:168)
		at org.apache.catalina.core.StandardContextValve.invoke(StandardContextValve.java:90)
		at org.apache.catalina.authenticator.AuthenticatorBase.invoke(AuthenticatorBase.java:482)
		at org.apache.catalina.core.StandardHostValve.invoke(StandardHostValve.java:130)
		at org.apache.catalina.valves.ErrorReportValve.invoke(ErrorReportValve.java:93)
		at org.apache.catalina.valves.AbstractAccessLogValve.invoke(AbstractAccessLogValve.java:660)
		at org.apache.catalina.core.StandardEngineValve.invoke(StandardEngineValve.java:74)
		at org.apache.catalina.connector.CoyoteAdapter.service(CoyoteAdapter.java:346)
		at org.apache.coyote.http11.Http11Processor.service(Http11Processor.java:383)
		at org.apache.coyote.AbstractProcessorLight.process(AbstractProcessorLight.java:63)
		at org.apache.coyote.AbstractProtocol$ConnectionHandler.process(AbstractProtocol.java:936)
		at org.apache.tomcat.util.net.NioEndpoint$SocketProcessor.doRun(NioEndpoint.java:1791)
		at org.apache.tomcat.util.net.SocketProcessorBase.run(SocketProcessorBase.java:52)
		at org.apache.tomcat.util.threads.ThreadPoolExecutor.runWorker(ThreadPoolExecutor.java:1190)
		at org.apache.tomcat.util.threads.ThreadPoolExecutor$Worker.run(ThreadPoolExecutor.java:659)
		at org.apache.tomcat.util.threads.TaskThread$WrappingRunnable.run(TaskThread.java:63)
		at java.base/java.lang.Thread.run(Thread.java:842)
